[0.010s] Invoking command in '/home/zym/Desktop/zym-ros2/chapt3/chapt3_ws/build/example_topic_rclcpp': CMAKE_PREFIX_PATH=/opt/ros/foxy /usr/bin/cmake /home/zym/Desktop/zym-ros2/chapt3/chapt3_ws/src/example_topic_rclcpp -DCMAKE_INSTALL_PREFIX=/home/zym/Desktop/zym-ros2/chapt3/chapt3_ws/install/example_topic_rclcpp
[0.018s] -- Found ament_cmake: 0.9.9 (/opt/ros/foxy/share/ament_cmake/cmake)
[0.031s] -- Using PYTHON_EXECUTABLE: /usr/bin/python3
[0.125s] -- Found rclcpp: 2.4.1 (/opt/ros/foxy/share/rclcpp/cmake)
[0.144s] -- Using all available rosidl_typesupport_c: rosidl_typesupport_fastrtps_c;rosidl_typesupport_introspection_c
[0.146s] -- Found rosidl_adapter: 1.2.1 (/opt/ros/foxy/share/rosidl_adapter/cmake)
[0.212s] -- Using all available rosidl_typesupport_cpp: rosidl_typesupport_fastrtps_cpp;rosidl_typesupport_introspection_cpp
[0.241s] -- Found rmw_implementation_cmake: 1.0.3 (/opt/ros/foxy/share/rmw_implementation_cmake/cmake)
[0.242s] -- Using RMW implementation 'rmw_fastrtps_cpp' as default
[0.326s] -- Found ament_lint_auto: 0.9.6 (/opt/ros/foxy/share/ament_lint_auto/cmake)
[0.361s] -- Added test 'copyright' to check source files copyright and LICENSE
[0.362s] -- Added test 'lint_cmake' to check CMake code style
[0.363s] -- Added test 'xmllint' to check XML markup files
[0.363s] CMake Error at CMakeLists.txt:34 (add_executable):
[0.363s]   The target name "chapt3/chapt3_ws/src/topic_publisher_01.cpp" is reserved
[0.363s]   or not valid for certain CMake features, such as generator expressions, and
[0.363s]   may result in undefined behavior.
[0.363s] 
[0.363s] 
[0.363s] CMake Error at /opt/ros/foxy/share/ament_cmake_target_dependencies/cmake/ament_target_dependencies.cmake:42 (message):
[0.363s]   ament_target_dependencies() the first argument must be a valid target name
[0.363s] Call Stack (most recent call first):
[0.363s]   CMakeLists.txt:35 (ament_target_dependencies)
[0.363s] 
[0.363s] 
[0.364s] -- Configuring incomplete, errors occurred!
[0.364s] See also "/home/zym/Desktop/zym-ros2/chapt3/chapt3_ws/build/example_topic_rclcpp/CMakeFiles/CMakeOutput.log".
[0.364s] See also "/home/zym/Desktop/zym-ros2/chapt3/chapt3_ws/build/example_topic_rclcpp/CMakeFiles/CMakeError.log".
[0.368s] Invoked command in '/home/zym/Desktop/zym-ros2/chapt3/chapt3_ws/build/example_topic_rclcpp' returned '1': CMAKE_PREFIX_PATH=/opt/ros/foxy /usr/bin/cmake /home/zym/Desktop/zym-ros2/chapt3/chapt3_ws/src/example_topic_rclcpp -DCMAKE_INSTALL_PREFIX=/home/zym/Desktop/zym-ros2/chapt3/chapt3_ws/install/example_topic_rclcpp
