[0.319s] Invoking command in '/home/zym/Desktop/zym-ros2/town_ws/src/village_li': PYTHONPATH=/home/zym/Desktop/zym-ros2/install/village_li/lib/python3.8/site-packages:${PYTHONPATH} /usr/bin/python3 setup.py egg_info --egg-base ../../../build/village_li build --build-base /home/zym/Desktop/zym-ros2/build/village_li/build install --prefix /home/zym/Desktop/zym-ros2/install/village_li --record /home/zym/Desktop/zym-ros2/build/village_li/install.log --single-version-externally-managed
[0.427s] running egg_info
[0.427s] creating ../../../build/village_li/village_li.egg-info
[0.428s] writing ../../../build/village_li/village_li.egg-info/PKG-INFO
[0.428s] writing dependency_links to ../../../build/village_li/village_li.egg-info/dependency_links.txt
[0.428s] writing entry points to ../../../build/village_li/village_li.egg-info/entry_points.txt
[0.428s] writing requirements to ../../../build/village_li/village_li.egg-info/requires.txt
[0.428s] writing top-level names to ../../../build/village_li/village_li.egg-info/top_level.txt
[0.428s] writing manifest file '../../../build/village_li/village_li.egg-info/SOURCES.txt'
[0.448s] reading manifest file '../../../build/village_li/village_li.egg-info/SOURCES.txt'
[0.448s] writing manifest file '../../../build/village_li/village_li.egg-info/SOURCES.txt'
[0.448s] running build
[0.448s] running build_py
[0.448s] creating /home/zym/Desktop/zym-ros2/build/village_li/build
[0.448s] creating /home/zym/Desktop/zym-ros2/build/village_li/build/lib
[0.448s] creating /home/zym/Desktop/zym-ros2/build/village_li/build/lib/village_li
[0.449s] copying village_li/li4.py -> /home/zym/Desktop/zym-ros2/build/village_li/build/lib/village_li
[0.449s] copying village_li/__init__.py -> /home/zym/Desktop/zym-ros2/build/village_li/build/lib/village_li
[0.449s] running install
[0.449s] running install_lib
[0.449s] creating /home/zym/Desktop/zym-ros2/install/village_li/lib/python3.8/site-packages/village_li
[0.449s] copying /home/zym/Desktop/zym-ros2/build/village_li/build/lib/village_li/li4.py -> /home/zym/Desktop/zym-ros2/install/village_li/lib/python3.8/site-packages/village_li
[0.449s] copying /home/zym/Desktop/zym-ros2/build/village_li/build/lib/village_li/__init__.py -> /home/zym/Desktop/zym-ros2/install/village_li/lib/python3.8/site-packages/village_li
[0.450s] byte-compiling /home/zym/Desktop/zym-ros2/install/village_li/lib/python3.8/site-packages/village_li/li4.py to li4.cpython-38.pyc
[0.451s] byte-compiling /home/zym/Desktop/zym-ros2/install/village_li/lib/python3.8/site-packages/village_li/__init__.py to __init__.cpython-38.pyc
[0.451s] running install_data
[0.451s] creating /home/zym/Desktop/zym-ros2/install/village_li/share/ament_index
[0.451s] creating /home/zym/Desktop/zym-ros2/install/village_li/share/ament_index/resource_index
[0.451s] creating /home/zym/Desktop/zym-ros2/install/village_li/share/ament_index/resource_index/packages
[0.451s] copying resource/village_li -> /home/zym/Desktop/zym-ros2/install/village_li/share/ament_index/resource_index/packages
[0.451s] copying package.xml -> /home/zym/Desktop/zym-ros2/install/village_li/share/village_li
[0.452s] running install_egg_info
[0.452s] Copying ../../../build/village_li/village_li.egg-info to /home/zym/Desktop/zym-ros2/install/village_li/lib/python3.8/site-packages/village_li-0.0.0-py3.8.egg-info
[0.453s] running install_scripts
[0.462s] Installing li4_node script to /home/zym/Desktop/zym-ros2/install/village_li/lib/village_li
[0.462s] writing list of installed files to '/home/zym/Desktop/zym-ros2/build/village_li/install.log'
[0.473s] Invoked command in '/home/zym/Desktop/zym-ros2/town_ws/src/village_li' returned '0': PYTHONPATH=/home/zym/Desktop/zym-ros2/install/village_li/lib/python3.8/site-packages:${PYTHONPATH} /usr/bin/python3 setup.py egg_info --egg-base ../../../build/village_li build --build-base /home/zym/Desktop/zym-ros2/build/village_li/build install --prefix /home/zym/Desktop/zym-ros2/install/village_li --record /home/zym/Desktop/zym-ros2/build/village_li/install.log --single-version-externally-managed
