[0.078s] DEBUG:colcon:Command line arguments: ['/usr/bin/colcon', 'build']
[0.078s] DEBUG:colcon:Parsed command line arguments: Namespace(allow_overriding=[], ament_cmake_args=None, base_paths=['.'], build_base='build', catkin_cmake_args=None, catkin_skip_building_tests=False, cmake_args=None, cmake_clean_cache=False, cmake_clean_first=False, cmake_force_configure=False, cmake_target=None, cmake_target_skip_unavailable=False, continue_on_error=False, event_handlers=None, executor='parallel', ignore_user_meta=False, install_base='install', log_base=None, log_level=None, main=<bound method BuildVerb.main of <colcon_core.verb.build.BuildVerb object at 0x7f6874d7a5e0>>, merge_install=False, metas=['./colcon.meta'], packages_above=None, packages_above_and_dependencies=None, packages_above_depth=None, packages_end=None, packages_ignore=None, packages_ignore_regex=None, packages_select=None, packages_select_build_failed=False, packages_select_by_dep=None, packages_select_regex=None, packages_select_test_failures=False, packages_skip=None, packages_skip_build_finished=False, packages_skip_by_dep=None, packages_skip_regex=None, packages_skip_test_passed=False, packages_skip_up_to=None, packages_start=None, packages_up_to=None, packages_up_to_regex=None, parallel_workers=16, paths=None, symlink_install=False, test_result_base=None, verb_extension=<colcon_core.verb.build.BuildVerb object at 0x7f6874d7a5e0>, verb_name='build', verb_parser=<colcon_defaults.argument_parser.defaults.DefaultArgumentsDecorator object at 0x7f6874d7ab20>)
[0.080s] Level 1:colcon.colcon_core.package_discovery:discover_packages(colcon_meta) check parameters
[0.080s] Level 1:colcon.colcon_core.package_discovery:discover_packages(recursive) check parameters
[0.080s] Level 1:colcon.colcon_core.package_discovery:discover_packages(ignore) check parameters
[0.080s] Level 1:colcon.colcon_core.package_discovery:discover_packages(path) check parameters
[0.080s] Level 1:colcon.colcon_core.package_discovery:discover_packages(colcon_meta) discover
[0.080s] Level 1:colcon.colcon_core.package_discovery:discover_packages(recursive) discover
[0.080s] INFO:colcon.colcon_core.package_discovery:Crawling recursively for packages in '/home/zym/Desktop/zym-ros2/town_ws'
[0.080s] Level 1:colcon.colcon_core.package_identification:_identify(.) by extensions ['ignore', 'ignore_ament_install']
[0.080s] Level 1:colcon.colcon_core.package_identification:_identify(.) by extension 'ignore'
[0.080s] Level 1:colcon.colcon_core.package_identification:_identify(.) by extension 'ignore_ament_install'
[0.080s] Level 1:colcon.colcon_core.package_identification:_identify(.) by extensions ['colcon_pkg']
[0.081s] Level 1:colcon.colcon_core.package_identification:_identify(.) by extension 'colcon_pkg'
[0.081s] Level 1:colcon.colcon_core.package_identification:_identify(.) by extensions ['colcon_meta']
[0.081s] Level 1:colcon.colcon_core.package_identification:_identify(.) by extension 'colcon_meta'
[0.081s] Level 1:colcon.colcon_core.package_identification:_identify(.) by extensions ['ros']
[0.081s] Level 1:colcon.colcon_core.package_identification:_identify(.) by extension 'ros'
[0.087s] Level 1:colcon.colcon_core.package_identification:_identify(.) by extensions ['cmake', 'python']
[0.087s] Level 1:colcon.colcon_core.package_identification:_identify(.) by extension 'cmake'
[0.087s] Level 1:colcon.colcon_core.package_identification:_identify(.) by extension 'python'
[0.087s] Level 1:colcon.colcon_core.package_identification:_identify(.) by extensions ['python_setup_py']
[0.087s] Level 1:colcon.colcon_core.package_identification:_identify(.) by extension 'python_setup_py'
[0.087s] Level 1:colcon.colcon_core.package_identification:_identify(build) by extensions ['ignore', 'ignore_ament_install']
[0.087s] Level 1:colcon.colcon_core.package_identification:_identify(build) by extension 'ignore'
[0.087s] Level 1:colcon.colcon_core.package_identification:_identify(build) ignored
[0.087s] Level 1:colcon.colcon_core.package_identification:_identify(install) by extensions ['ignore', 'ignore_ament_install']
[0.088s] Level 1:colcon.colcon_core.package_identification:_identify(install) by extension 'ignore'
[0.088s] Level 1:colcon.colcon_core.package_identification:_identify(install) ignored
[0.088s] Level 1:colcon.colcon_core.package_identification:_identify(log) by extensions ['ignore', 'ignore_ament_install']
[0.088s] Level 1:colcon.colcon_core.package_identification:_identify(log) by extension 'ignore'
[0.088s] Level 1:colcon.colcon_core.package_identification:_identify(log) ignored
[0.088s] Level 1:colcon.colcon_core.package_identification:_identify(src) by extensions ['ignore', 'ignore_ament_install']
[0.088s] Level 1:colcon.colcon_core.package_identification:_identify(src) by extension 'ignore'
[0.088s] Level 1:colcon.colcon_core.package_identification:_identify(src) by extension 'ignore_ament_install'
[0.088s] Level 1:colcon.colcon_core.package_identification:_identify(src) by extensions ['colcon_pkg']
[0.088s] Level 1:colcon.colcon_core.package_identification:_identify(src) by extension 'colcon_pkg'
[0.088s] Level 1:colcon.colcon_core.package_identification:_identify(src) by extensions ['colcon_meta']
[0.088s] Level 1:colcon.colcon_core.package_identification:_identify(src) by extension 'colcon_meta'
[0.088s] Level 1:colcon.colcon_core.package_identification:_identify(src) by extensions ['ros']
[0.088s] Level 1:colcon.colcon_core.package_identification:_identify(src) by extension 'ros'
[0.088s] Level 1:colcon.colcon_core.package_identification:_identify(src) by extensions ['cmake', 'python']
[0.088s] Level 1:colcon.colcon_core.package_identification:_identify(src) by extension 'cmake'
[0.088s] Level 1:colcon.colcon_core.package_identification:_identify(src) by extension 'python'
[0.088s] Level 1:colcon.colcon_core.package_identification:_identify(src) by extensions ['python_setup_py']
[0.088s] Level 1:colcon.colcon_core.package_identification:_identify(src) by extension 'python_setup_py'
[0.088s] Level 1:colcon.colcon_core.package_identification:_identify(src/village_li) by extensions ['ignore', 'ignore_ament_install']
[0.088s] Level 1:colcon.colcon_core.package_identification:_identify(src/village_li) by extension 'ignore'
[0.088s] Level 1:colcon.colcon_core.package_identification:_identify(src/village_li) by extension 'ignore_ament_install'
[0.088s] Level 1:colcon.colcon_core.package_identification:_identify(src/village_li) by extensions ['colcon_pkg']
[0.088s] Level 1:colcon.colcon_core.package_identification:_identify(src/village_li) by extension 'colcon_pkg'
[0.088s] Level 1:colcon.colcon_core.package_identification:_identify(src/village_li) by extensions ['colcon_meta']
[0.088s] Level 1:colcon.colcon_core.package_identification:_identify(src/village_li) by extension 'colcon_meta'
[0.088s] Level 1:colcon.colcon_core.package_identification:_identify(src/village_li) by extensions ['ros']
[0.088s] Level 1:colcon.colcon_core.package_identification:_identify(src/village_li) by extension 'ros'
[0.090s] DEBUG:colcon.colcon_core.package_identification:Package 'src/village_li' with type 'ros.ament_python' and name 'village_li'
[0.090s] Level 1:colcon.colcon_core.package_identification:_identify(src/village_wang) by extensions ['ignore', 'ignore_ament_install']
[0.090s] Level 1:colcon.colcon_core.package_identification:_identify(src/village_wang) by extension 'ignore'
[0.090s] Level 1:colcon.colcon_core.package_identification:_identify(src/village_wang) by extension 'ignore_ament_install'
[0.090s] Level 1:colcon.colcon_core.package_identification:_identify(src/village_wang) by extensions ['colcon_pkg']
[0.090s] Level 1:colcon.colcon_core.package_identification:_identify(src/village_wang) by extension 'colcon_pkg'
[0.090s] Level 1:colcon.colcon_core.package_identification:_identify(src/village_wang) by extensions ['colcon_meta']
[0.090s] Level 1:colcon.colcon_core.package_identification:_identify(src/village_wang) by extension 'colcon_meta'
[0.090s] Level 1:colcon.colcon_core.package_identification:_identify(src/village_wang) by extensions ['ros']
[0.090s] Level 1:colcon.colcon_core.package_identification:_identify(src/village_wang) by extension 'ros'
[0.090s] DEBUG:colcon.colcon_core.package_identification:Package 'src/village_wang' with type 'ros.ament_cmake' and name 'village_wang'
[0.090s] Level 1:colcon.colcon_core.package_identification:_identify(src/village_zhang) by extensions ['ignore', 'ignore_ament_install']
[0.090s] Level 1:colcon.colcon_core.package_identification:_identify(src/village_zhang) by extension 'ignore'
[0.090s] Level 1:colcon.colcon_core.package_identification:_identify(src/village_zhang) by extension 'ignore_ament_install'
[0.090s] Level 1:colcon.colcon_core.package_identification:_identify(src/village_zhang) by extensions ['colcon_pkg']
[0.090s] Level 1:colcon.colcon_core.package_identification:_identify(src/village_zhang) by extension 'colcon_pkg'
[0.090s] Level 1:colcon.colcon_core.package_identification:_identify(src/village_zhang) by extensions ['colcon_meta']
[0.091s] Level 1:colcon.colcon_core.package_identification:_identify(src/village_zhang) by extension 'colcon_meta'
[0.091s] Level 1:colcon.colcon_core.package_identification:_identify(src/village_zhang) by extensions ['ros']
[0.091s] Level 1:colcon.colcon_core.package_identification:_identify(src/village_zhang) by extension 'ros'
[0.091s] DEBUG:colcon.colcon_core.package_identification:Package 'src/village_zhang' with type 'ros.ament_cmake' and name 'village_zhang'
[0.091s] Level 1:colcon.colcon_core.package_discovery:discover_packages(recursive) using defaults
[0.091s] Level 1:colcon.colcon_core.package_discovery:discover_packages(ignore) discover
[0.091s] Level 1:colcon.colcon_core.package_discovery:discover_packages(ignore) using defaults
[0.091s] Level 1:colcon.colcon_core.package_discovery:discover_packages(path) discover
[0.091s] Level 1:colcon.colcon_core.package_discovery:discover_packages(path) using defaults
[0.101s] Level 5:colcon.colcon_core.verb:set package 'village_li' build argument 'cmake_args' from command line to 'None'
[0.101s] Level 5:colcon.colcon_core.verb:set package 'village_li' build argument 'cmake_target' from command line to 'None'
[0.101s] Level 5:colcon.colcon_core.verb:set package 'village_li' build argument 'cmake_target_skip_unavailable' from command line to 'False'
[0.101s] Level 5:colcon.colcon_core.verb:set package 'village_li' build argument 'cmake_clean_cache' from command line to 'False'
[0.101s] Level 5:colcon.colcon_core.verb:set package 'village_li' build argument 'cmake_clean_first' from command line to 'False'
[0.101s] Level 5:colcon.colcon_core.verb:set package 'village_li' build argument 'cmake_force_configure' from command line to 'False'
[0.101s] Level 5:colcon.colcon_core.verb:set package 'village_li' build argument 'ament_cmake_args' from command line to 'None'
[0.101s] Level 5:colcon.colcon_core.verb:set package 'village_li' build argument 'catkin_cmake_args' from command line to 'None'
[0.101s] Level 5:colcon.colcon_core.verb:set package 'village_li' build argument 'catkin_skip_building_tests' from command line to 'False'
[0.101s] DEBUG:colcon.colcon_core.verb:Building package 'village_li' with the following arguments: {'ament_cmake_args': None, 'build_base': '/home/zym/Desktop/zym-ros2/town_ws/build/village_li', 'catkin_cmake_args': None, 'catkin_skip_building_tests': False, 'cmake_args': None, 'cmake_clean_cache': False, 'cmake_clean_first': False, 'cmake_force_configure': False, 'cmake_target': None, 'cmake_target_skip_unavailable': False, 'install_base': '/home/zym/Desktop/zym-ros2/town_ws/install/village_li', 'merge_install': False, 'path': '/home/zym/Desktop/zym-ros2/town_ws/src/village_li', 'symlink_install': False, 'test_result_base': None}
[0.102s] Level 5:colcon.colcon_core.verb:set package 'village_wang' build argument 'cmake_args' from command line to 'None'
[0.102s] Level 5:colcon.colcon_core.verb:set package 'village_wang' build argument 'cmake_target' from command line to 'None'
[0.102s] Level 5:colcon.colcon_core.verb:set package 'village_wang' build argument 'cmake_target_skip_unavailable' from command line to 'False'
[0.102s] Level 5:colcon.colcon_core.verb:set package 'village_wang' build argument 'cmake_clean_cache' from command line to 'False'
[0.102s] Level 5:colcon.colcon_core.verb:set package 'village_wang' build argument 'cmake_clean_first' from command line to 'False'
[0.102s] Level 5:colcon.colcon_core.verb:set package 'village_wang' build argument 'cmake_force_configure' from command line to 'False'
[0.102s] Level 5:colcon.colcon_core.verb:set package 'village_wang' build argument 'ament_cmake_args' from command line to 'None'
[0.102s] Level 5:colcon.colcon_core.verb:set package 'village_wang' build argument 'catkin_cmake_args' from command line to 'None'
[0.102s] Level 5:colcon.colcon_core.verb:set package 'village_wang' build argument 'catkin_skip_building_tests' from command line to 'False'
[0.102s] DEBUG:colcon.colcon_core.verb:Building package 'village_wang' with the following arguments: {'ament_cmake_args': None, 'build_base': '/home/zym/Desktop/zym-ros2/town_ws/build/village_wang', 'catkin_cmake_args': None, 'catkin_skip_building_tests': False, 'cmake_args': None, 'cmake_clean_cache': False, 'cmake_clean_first': False, 'cmake_force_configure': False, 'cmake_target': None, 'cmake_target_skip_unavailable': False, 'install_base': '/home/zym/Desktop/zym-ros2/town_ws/install/village_wang', 'merge_install': False, 'path': '/home/zym/Desktop/zym-ros2/town_ws/src/village_wang', 'symlink_install': False, 'test_result_base': None}
[0.102s] Level 5:colcon.colcon_core.verb:set package 'village_zhang' build argument 'cmake_args' from command line to 'None'
[0.102s] Level 5:colcon.colcon_core.verb:set package 'village_zhang' build argument 'cmake_target' from command line to 'None'
[0.102s] Level 5:colcon.colcon_core.verb:set package 'village_zhang' build argument 'cmake_target_skip_unavailable' from command line to 'False'
[0.102s] Level 5:colcon.colcon_core.verb:set package 'village_zhang' build argument 'cmake_clean_cache' from command line to 'False'
[0.102s] Level 5:colcon.colcon_core.verb:set package 'village_zhang' build argument 'cmake_clean_first' from command line to 'False'
[0.102s] Level 5:colcon.colcon_core.verb:set package 'village_zhang' build argument 'cmake_force_configure' from command line to 'False'
[0.102s] Level 5:colcon.colcon_core.verb:set package 'village_zhang' build argument 'ament_cmake_args' from command line to 'None'
[0.102s] Level 5:colcon.colcon_core.verb:set package 'village_zhang' build argument 'catkin_cmake_args' from command line to 'None'
[0.102s] Level 5:colcon.colcon_core.verb:set package 'village_zhang' build argument 'catkin_skip_building_tests' from command line to 'False'
[0.103s] DEBUG:colcon.colcon_core.verb:Building package 'village_zhang' with the following arguments: {'ament_cmake_args': None, 'build_base': '/home/zym/Desktop/zym-ros2/town_ws/build/village_zhang', 'catkin_cmake_args': None, 'catkin_skip_building_tests': False, 'cmake_args': None, 'cmake_clean_cache': False, 'cmake_clean_first': False, 'cmake_force_configure': False, 'cmake_target': None, 'cmake_target_skip_unavailable': False, 'install_base': '/home/zym/Desktop/zym-ros2/town_ws/install/village_zhang', 'merge_install': False, 'path': '/home/zym/Desktop/zym-ros2/town_ws/src/village_zhang', 'symlink_install': False, 'test_result_base': None}
[0.104s] WARNING:colcon.colcon_core.verb:Some selected packages are already built in one or more underlay workspaces:
	'village_li' is in: /home/zym/Desktop/zym-ros2/town_ws/install/village_li
	'village_wang' is in: /home/zym/Desktop/zym-ros2/town_ws/install/village_wang
	'village_zhang' is in: /home/zym/Desktop/zym-ros2/town_ws/install/village_zhang
If a package in a merged underlay workspace is overridden and it installs headers, then all packages in the overlay must sort their include directories by workspace order. Failure to do so may result in build failures or undefined behavior at run time.
If the overridden package is used by another package in any underlay, then the overriding package in the overlay must be API and ABI compatible or undefined behavior at run time may occur.

If you understand the risks and want to override a package anyways, add the following to the command line:
	--allow-overriding village_li village_wang village_zhang

This may be promoted to an error in a future release of colcon-core.
[0.104s] INFO:colcon.colcon_core.executor:Executing jobs using 'parallel' executor
[0.106s] DEBUG:colcon.colcon_parallel_executor.executor.parallel:run_until_complete
[0.106s] INFO:colcon.colcon_ros.task.ament_python.build:Building ROS package in '/home/zym/Desktop/zym-ros2/town_ws/src/village_li' with build type 'ament_python'
[0.106s] Level 1:colcon.colcon_core.shell:create_environment_hook('village_li', 'ament_prefix_path')
[0.108s] INFO:colcon.colcon_core.plugin_system:Skipping extension 'colcon_core.shell.bat': Not used on non-Windows systems
[0.108s] INFO:colcon.colcon_core.shell:Creating environment hook '/home/zym/Desktop/zym-ros2/town_ws/install/village_li/share/village_li/hook/ament_prefix_path.ps1'
[0.109s] INFO:colcon.colcon_core.shell:Creating environment descriptor '/home/zym/Desktop/zym-ros2/town_ws/install/village_li/share/village_li/hook/ament_prefix_path.dsv'
[0.109s] INFO:colcon.colcon_core.shell:Creating environment hook '/home/zym/Desktop/zym-ros2/town_ws/install/village_li/share/village_li/hook/ament_prefix_path.sh'
[0.109s] INFO:colcon.colcon_core.shell:Skip shell extension 'powershell' for command environment: Not usable outside of PowerShell
[0.109s] DEBUG:colcon.colcon_core.shell:Skip shell extension 'dsv' for command environment
[0.113s] INFO:colcon.colcon_ros.task.ament_cmake.build:Building ROS package in '/home/zym/Desktop/zym-ros2/town_ws/src/village_wang' with build type 'ament_cmake'
[0.113s] INFO:colcon.colcon_cmake.task.cmake.build:Building CMake package in '/home/zym/Desktop/zym-ros2/town_ws/src/village_wang'
[0.113s] INFO:colcon.colcon_core.shell:Skip shell extension 'powershell' for command environment: Not usable outside of PowerShell
[0.113s] DEBUG:colcon.colcon_core.shell:Skip shell extension 'dsv' for command environment
[0.117s] INFO:colcon.colcon_ros.task.ament_cmake.build:Building ROS package in '/home/zym/Desktop/zym-ros2/town_ws/src/village_zhang' with build type 'ament_cmake'
[0.117s] INFO:colcon.colcon_cmake.task.cmake.build:Building CMake package in '/home/zym/Desktop/zym-ros2/town_ws/src/village_zhang'
[0.117s] INFO:colcon.colcon_core.shell:Skip shell extension 'powershell' for command environment: Not usable outside of PowerShell
[0.117s] DEBUG:colcon.colcon_core.shell:Skip shell extension 'dsv' for command environment
[0.239s] INFO:colcon.colcon_core.task.python.build:Building Python package in '/home/zym/Desktop/zym-ros2/town_ws/src/village_li'
[0.240s] INFO:colcon.colcon_core.shell:Skip shell extension 'powershell' for command environment: Not usable outside of PowerShell
[0.240s] DEBUG:colcon.colcon_core.shell:Skip shell extension 'dsv' for command environment
[0.246s] DEBUG:colcon.colcon_core.event_handler.log_command:Invoking command in '/home/zym/Desktop/zym-ros2/town_ws/build/village_wang': CMAKE_PREFIX_PATH=${CMAKE_PREFIX_PATH}:/home/zym/Desktop/zym-ros2/town_ws/install/village_li:/opt/ros/foxy /usr/bin/cmake --build /home/zym/Desktop/zym-ros2/town_ws/build/village_wang -- -j16 -l16
[0.250s] DEBUG:colcon.colcon_core.event_handler.log_command:Invoking command in '/home/zym/Desktop/zym-ros2/town_ws/build/village_zhang': CMAKE_PREFIX_PATH=${CMAKE_PREFIX_PATH}:/home/zym/Desktop/zym-ros2/town_ws/install/village_li:/opt/ros/foxy /usr/bin/cmake --build /home/zym/Desktop/zym-ros2/town_ws/build/village_zhang -- -j16 -l16
[0.287s] DEBUG:colcon.colcon_core.event_handler.log_command:Invoked command in '/home/zym/Desktop/zym-ros2/town_ws/build/village_wang' returned '0': CMAKE_PREFIX_PATH=${CMAKE_PREFIX_PATH}:/home/zym/Desktop/zym-ros2/town_ws/install/village_li:/opt/ros/foxy /usr/bin/cmake --build /home/zym/Desktop/zym-ros2/town_ws/build/village_wang -- -j16 -l16
[0.304s] DEBUG:colcon.colcon_core.event_handler.log_command:Invoking command in '/home/zym/Desktop/zym-ros2/town_ws/build/village_wang': CMAKE_PREFIX_PATH=${CMAKE_PREFIX_PATH}:/home/zym/Desktop/zym-ros2/town_ws/install/village_li:/opt/ros/foxy /usr/bin/cmake --install /home/zym/Desktop/zym-ros2/town_ws/build/village_wang
[0.312s] Level 1:colcon.colcon_core.environment:create_environment_scripts_only(village_wang)
[0.312s] DEBUG:colcon.colcon_core.event_handler.log_command:Invoked command in '/home/zym/Desktop/zym-ros2/town_ws/build/village_wang' returned '0': CMAKE_PREFIX_PATH=${CMAKE_PREFIX_PATH}:/home/zym/Desktop/zym-ros2/town_ws/install/village_li:/opt/ros/foxy /usr/bin/cmake --install /home/zym/Desktop/zym-ros2/town_ws/build/village_wang
[0.314s] Level 1:colcon.colcon_core.environment:checking '/home/zym/Desktop/zym-ros2/town_ws/install/village_wang' for CMake module files
[0.315s] Level 1:colcon.colcon_core.environment:checking '/home/zym/Desktop/zym-ros2/town_ws/install/village_wang' for CMake config files
[0.315s] Level 1:colcon.colcon_core.shell:create_environment_hook('village_wang', 'cmake_prefix_path')
[0.315s] INFO:colcon.colcon_core.shell:Creating environment hook '/home/zym/Desktop/zym-ros2/town_ws/install/village_wang/share/village_wang/hook/cmake_prefix_path.ps1'
[0.316s] INFO:colcon.colcon_core.shell:Creating environment descriptor '/home/zym/Desktop/zym-ros2/town_ws/install/village_wang/share/village_wang/hook/cmake_prefix_path.dsv'
[0.316s] INFO:colcon.colcon_core.shell:Creating environment hook '/home/zym/Desktop/zym-ros2/town_ws/install/village_wang/share/village_wang/hook/cmake_prefix_path.sh'
[0.316s] Level 1:colcon.colcon_core.environment:checking '/home/zym/Desktop/zym-ros2/town_ws/install/village_wang/lib'
[0.317s] Level 1:colcon.colcon_core.environment:checking '/home/zym/Desktop/zym-ros2/town_ws/install/village_wang/bin'
[0.317s] Level 1:colcon.colcon_core.environment:checking '/home/zym/Desktop/zym-ros2/town_ws/install/village_wang/lib/pkgconfig/village_wang.pc'
[0.317s] Level 1:colcon.colcon_core.environment:checking '/home/zym/Desktop/zym-ros2/town_ws/install/village_wang/lib/python3.8/site-packages'
[0.317s] INFO:colcon.colcon_core.shell:Creating package script '/home/zym/Desktop/zym-ros2/town_ws/install/village_wang/share/village_wang/package.ps1'
[0.317s] INFO:colcon.colcon_core.shell:Creating package descriptor '/home/zym/Desktop/zym-ros2/town_ws/install/village_wang/share/village_wang/package.dsv'
[0.318s] INFO:colcon.colcon_core.shell:Creating package script '/home/zym/Desktop/zym-ros2/town_ws/install/village_wang/share/village_wang/package.sh'
[0.318s] INFO:colcon.colcon_core.shell:Creating package script '/home/zym/Desktop/zym-ros2/town_ws/install/village_wang/share/village_wang/package.bash'
[0.319s] INFO:colcon.colcon_core.shell:Creating package script '/home/zym/Desktop/zym-ros2/town_ws/install/village_wang/share/village_wang/package.zsh'
[0.319s] Level 1:colcon.colcon_core.environment:create_file_with_runtime_dependencies(/home/zym/Desktop/zym-ros2/town_ws/install/village_wang/share/colcon-core/packages/village_wang)
[0.334s] Level 1:colcon.colcon_core.environment:create_environment_scripts_only(village_wang)
[0.334s] Level 1:colcon.colcon_core.environment:checking '/home/zym/Desktop/zym-ros2/town_ws/install/village_wang' for CMake module files
[0.334s] Level 1:colcon.colcon_core.environment:checking '/home/zym/Desktop/zym-ros2/town_ws/install/village_wang' for CMake config files
[0.334s] Level 1:colcon.colcon_core.shell:create_environment_hook('village_wang', 'cmake_prefix_path')
[0.335s] INFO:colcon.colcon_core.shell:Creating environment hook '/home/zym/Desktop/zym-ros2/town_ws/install/village_wang/share/village_wang/hook/cmake_prefix_path.ps1'
[0.335s] INFO:colcon.colcon_core.shell:Creating environment descriptor '/home/zym/Desktop/zym-ros2/town_ws/install/village_wang/share/village_wang/hook/cmake_prefix_path.dsv'
[0.335s] INFO:colcon.colcon_core.shell:Creating environment hook '/home/zym/Desktop/zym-ros2/town_ws/install/village_wang/share/village_wang/hook/cmake_prefix_path.sh'
[0.336s] Level 1:colcon.colcon_core.environment:checking '/home/zym/Desktop/zym-ros2/town_ws/install/village_wang/lib'
[0.336s] Level 1:colcon.colcon_core.environment:checking '/home/zym/Desktop/zym-ros2/town_ws/install/village_wang/bin'
[0.336s] Level 1:colcon.colcon_core.environment:checking '/home/zym/Desktop/zym-ros2/town_ws/install/village_wang/lib/pkgconfig/village_wang.pc'
[0.336s] Level 1:colcon.colcon_core.environment:checking '/home/zym/Desktop/zym-ros2/town_ws/install/village_wang/lib/python3.8/site-packages'
[0.336s] INFO:colcon.colcon_core.shell:Creating package script '/home/zym/Desktop/zym-ros2/town_ws/install/village_wang/share/village_wang/package.ps1'
[0.336s] INFO:colcon.colcon_core.shell:Creating package descriptor '/home/zym/Desktop/zym-ros2/town_ws/install/village_wang/share/village_wang/package.dsv'
[0.337s] INFO:colcon.colcon_core.shell:Creating package script '/home/zym/Desktop/zym-ros2/town_ws/install/village_wang/share/village_wang/package.sh'
[0.337s] INFO:colcon.colcon_core.shell:Creating package script '/home/zym/Desktop/zym-ros2/town_ws/install/village_wang/share/village_wang/package.bash'
[0.337s] INFO:colcon.colcon_core.shell:Creating package script '/home/zym/Desktop/zym-ros2/town_ws/install/village_wang/share/village_wang/package.zsh'
[0.337s] Level 1:colcon.colcon_core.environment:create_file_with_runtime_dependencies(/home/zym/Desktop/zym-ros2/town_ws/install/village_wang/share/colcon-core/packages/village_wang)
[0.461s] DEBUG:colcon.colcon_core.event_handler.log_command:Invoking command in '/home/zym/Desktop/zym-ros2/town_ws/src/village_li': PYTHONPATH=/home/zym/Desktop/zym-ros2/town_ws/install/village_li/lib/python3.8/site-packages:${PYTHONPATH} /usr/bin/python3 setup.py egg_info --egg-base ../../build/village_li build --build-base /home/zym/Desktop/zym-ros2/town_ws/build/village_li/build install --prefix /home/zym/Desktop/zym-ros2/town_ws/install/village_li --record /home/zym/Desktop/zym-ros2/town_ws/build/village_li/install.log --single-version-externally-managed
[0.615s] Level 1:colcon.colcon_core.environment:checking '/home/zym/Desktop/zym-ros2/town_ws/install/village_li' for CMake module files
[0.616s] DEBUG:colcon.colcon_core.event_handler.log_command:Invoked command in '/home/zym/Desktop/zym-ros2/town_ws/src/village_li' returned '0': PYTHONPATH=/home/zym/Desktop/zym-ros2/town_ws/install/village_li/lib/python3.8/site-packages:${PYTHONPATH} /usr/bin/python3 setup.py egg_info --egg-base ../../build/village_li build --build-base /home/zym/Desktop/zym-ros2/town_ws/build/village_li/build install --prefix /home/zym/Desktop/zym-ros2/town_ws/install/village_li --record /home/zym/Desktop/zym-ros2/town_ws/build/village_li/install.log --single-version-externally-managed
[0.616s] Level 1:colcon.colcon_core.environment:checking '/home/zym/Desktop/zym-ros2/town_ws/install/village_li' for CMake config files
[0.616s] Level 1:colcon.colcon_core.environment:checking '/home/zym/Desktop/zym-ros2/town_ws/install/village_li/lib'
[0.616s] Level 1:colcon.colcon_core.environment:checking '/home/zym/Desktop/zym-ros2/town_ws/install/village_li/bin'
[0.617s] Level 1:colcon.colcon_core.environment:checking '/home/zym/Desktop/zym-ros2/town_ws/install/village_li/lib/pkgconfig/village_li.pc'
[0.617s] Level 1:colcon.colcon_core.environment:checking '/home/zym/Desktop/zym-ros2/town_ws/install/village_li/lib/python3.8/site-packages'
[0.617s] Level 1:colcon.colcon_core.shell:create_environment_hook('village_li', 'pythonpath')
[0.617s] INFO:colcon.colcon_core.shell:Creating environment hook '/home/zym/Desktop/zym-ros2/town_ws/install/village_li/share/village_li/hook/pythonpath.ps1'
[0.617s] INFO:colcon.colcon_core.shell:Creating environment descriptor '/home/zym/Desktop/zym-ros2/town_ws/install/village_li/share/village_li/hook/pythonpath.dsv'
[0.617s] INFO:colcon.colcon_core.shell:Creating environment hook '/home/zym/Desktop/zym-ros2/town_ws/install/village_li/share/village_li/hook/pythonpath.sh'
[0.618s] Level 1:colcon.colcon_core.environment:create_environment_scripts_only(village_li)
[0.618s] INFO:colcon.colcon_core.shell:Creating package script '/home/zym/Desktop/zym-ros2/town_ws/install/village_li/share/village_li/package.ps1'
[0.618s] INFO:colcon.colcon_core.shell:Creating package descriptor '/home/zym/Desktop/zym-ros2/town_ws/install/village_li/share/village_li/package.dsv'
[0.619s] INFO:colcon.colcon_core.shell:Creating package script '/home/zym/Desktop/zym-ros2/town_ws/install/village_li/share/village_li/package.sh'
[0.619s] INFO:colcon.colcon_core.shell:Creating package script '/home/zym/Desktop/zym-ros2/town_ws/install/village_li/share/village_li/package.bash'
[0.619s] INFO:colcon.colcon_core.shell:Creating package script '/home/zym/Desktop/zym-ros2/town_ws/install/village_li/share/village_li/package.zsh'
[0.619s] Level 1:colcon.colcon_core.environment:create_file_with_runtime_dependencies(/home/zym/Desktop/zym-ros2/town_ws/install/village_li/share/colcon-core/packages/village_li)
[1.349s] DEBUG:colcon.colcon_core.event_handler.log_command:Invoked command in '/home/zym/Desktop/zym-ros2/town_ws/build/village_zhang' returned '0': CMAKE_PREFIX_PATH=${CMAKE_PREFIX_PATH}:/home/zym/Desktop/zym-ros2/town_ws/install/village_li:/opt/ros/foxy /usr/bin/cmake --build /home/zym/Desktop/zym-ros2/town_ws/build/village_zhang -- -j16 -l16
[1.368s] DEBUG:colcon.colcon_core.event_handler.log_command:Invoking command in '/home/zym/Desktop/zym-ros2/town_ws/build/village_zhang': CMAKE_PREFIX_PATH=${CMAKE_PREFIX_PATH}:/home/zym/Desktop/zym-ros2/town_ws/install/village_li:/opt/ros/foxy /usr/bin/cmake --install /home/zym/Desktop/zym-ros2/town_ws/build/village_zhang
[1.374s] Level 1:colcon.colcon_core.environment:create_environment_scripts_only(village_zhang)
[1.375s] Level 1:colcon.colcon_core.environment:checking '/home/zym/Desktop/zym-ros2/town_ws/install/village_zhang' for CMake module files
[1.375s] DEBUG:colcon.colcon_core.event_handler.log_command:Invoked command in '/home/zym/Desktop/zym-ros2/town_ws/build/village_zhang' returned '0': CMAKE_PREFIX_PATH=${CMAKE_PREFIX_PATH}:/home/zym/Desktop/zym-ros2/town_ws/install/village_li:/opt/ros/foxy /usr/bin/cmake --install /home/zym/Desktop/zym-ros2/town_ws/build/village_zhang
[1.375s] Level 1:colcon.colcon_core.environment:checking '/home/zym/Desktop/zym-ros2/town_ws/install/village_zhang' for CMake config files
[1.375s] Level 1:colcon.colcon_core.shell:create_environment_hook('village_zhang', 'cmake_prefix_path')
[1.376s] INFO:colcon.colcon_core.shell:Creating environment hook '/home/zym/Desktop/zym-ros2/town_ws/install/village_zhang/share/village_zhang/hook/cmake_prefix_path.ps1'
[1.376s] INFO:colcon.colcon_core.shell:Creating environment descriptor '/home/zym/Desktop/zym-ros2/town_ws/install/village_zhang/share/village_zhang/hook/cmake_prefix_path.dsv'
[1.376s] INFO:colcon.colcon_core.shell:Creating environment hook '/home/zym/Desktop/zym-ros2/town_ws/install/village_zhang/share/village_zhang/hook/cmake_prefix_path.sh'
[1.376s] Level 1:colcon.colcon_core.environment:checking '/home/zym/Desktop/zym-ros2/town_ws/install/village_zhang/lib'
[1.376s] Level 1:colcon.colcon_core.environment:checking '/home/zym/Desktop/zym-ros2/town_ws/install/village_zhang/bin'
[1.377s] Level 1:colcon.colcon_core.environment:checking '/home/zym/Desktop/zym-ros2/town_ws/install/village_zhang/lib/pkgconfig/village_zhang.pc'
[1.377s] Level 1:colcon.colcon_core.environment:checking '/home/zym/Desktop/zym-ros2/town_ws/install/village_zhang/lib/python3.8/site-packages'
[1.377s] INFO:colcon.colcon_core.shell:Creating package script '/home/zym/Desktop/zym-ros2/town_ws/install/village_zhang/share/village_zhang/package.ps1'
[1.377s] INFO:colcon.colcon_core.shell:Creating package descriptor '/home/zym/Desktop/zym-ros2/town_ws/install/village_zhang/share/village_zhang/package.dsv'
[1.377s] INFO:colcon.colcon_core.shell:Creating package script '/home/zym/Desktop/zym-ros2/town_ws/install/village_zhang/share/village_zhang/package.sh'
[1.377s] INFO:colcon.colcon_core.shell:Creating package script '/home/zym/Desktop/zym-ros2/town_ws/install/village_zhang/share/village_zhang/package.bash'
[1.378s] INFO:colcon.colcon_core.shell:Creating package script '/home/zym/Desktop/zym-ros2/town_ws/install/village_zhang/share/village_zhang/package.zsh'
[1.378s] Level 1:colcon.colcon_core.environment:create_file_with_runtime_dependencies(/home/zym/Desktop/zym-ros2/town_ws/install/village_zhang/share/colcon-core/packages/village_zhang)
[1.390s] Level 1:colcon.colcon_core.environment:create_environment_scripts_only(village_zhang)
[1.391s] Level 1:colcon.colcon_core.environment:checking '/home/zym/Desktop/zym-ros2/town_ws/install/village_zhang' for CMake module files
[1.391s] Level 1:colcon.colcon_core.environment:checking '/home/zym/Desktop/zym-ros2/town_ws/install/village_zhang' for CMake config files
[1.391s] Level 1:colcon.colcon_core.shell:create_environment_hook('village_zhang', 'cmake_prefix_path')
[1.392s] INFO:colcon.colcon_core.shell:Creating environment hook '/home/zym/Desktop/zym-ros2/town_ws/install/village_zhang/share/village_zhang/hook/cmake_prefix_path.ps1'
[1.392s] INFO:colcon.colcon_core.shell:Creating environment descriptor '/home/zym/Desktop/zym-ros2/town_ws/install/village_zhang/share/village_zhang/hook/cmake_prefix_path.dsv'
[1.392s] INFO:colcon.colcon_core.shell:Creating environment hook '/home/zym/Desktop/zym-ros2/town_ws/install/village_zhang/share/village_zhang/hook/cmake_prefix_path.sh'
[1.392s] Level 1:colcon.colcon_core.environment:checking '/home/zym/Desktop/zym-ros2/town_ws/install/village_zhang/lib'
[1.392s] Level 1:colcon.colcon_core.environment:checking '/home/zym/Desktop/zym-ros2/town_ws/install/village_zhang/bin'
[1.392s] Level 1:colcon.colcon_core.environment:checking '/home/zym/Desktop/zym-ros2/town_ws/install/village_zhang/lib/pkgconfig/village_zhang.pc'
[1.392s] Level 1:colcon.colcon_core.environment:checking '/home/zym/Desktop/zym-ros2/town_ws/install/village_zhang/lib/python3.8/site-packages'
[1.393s] INFO:colcon.colcon_core.shell:Creating package script '/home/zym/Desktop/zym-ros2/town_ws/install/village_zhang/share/village_zhang/package.ps1'
[1.393s] INFO:colcon.colcon_core.shell:Creating package descriptor '/home/zym/Desktop/zym-ros2/town_ws/install/village_zhang/share/village_zhang/package.dsv'
[1.393s] INFO:colcon.colcon_core.shell:Creating package script '/home/zym/Desktop/zym-ros2/town_ws/install/village_zhang/share/village_zhang/package.sh'
[1.393s] INFO:colcon.colcon_core.shell:Creating package script '/home/zym/Desktop/zym-ros2/town_ws/install/village_zhang/share/village_zhang/package.bash'
[1.394s] INFO:colcon.colcon_core.shell:Creating package script '/home/zym/Desktop/zym-ros2/town_ws/install/village_zhang/share/village_zhang/package.zsh'
[1.394s] Level 1:colcon.colcon_core.environment:create_file_with_runtime_dependencies(/home/zym/Desktop/zym-ros2/town_ws/install/village_zhang/share/colcon-core/packages/village_zhang)
[1.394s] DEBUG:colcon.colcon_parallel_executor.executor.parallel:closing loop
[1.394s] DEBUG:colcon.colcon_parallel_executor.executor.parallel:loop closed
[1.394s] DEBUG:colcon.colcon_parallel_executor.executor.parallel:run_until_complete finished with '0'
[1.394s] DEBUG:colcon.colcon_core.event_reactor:joining thread
[1.398s] INFO:colcon.colcon_core.plugin_system:Skipping extension 'colcon_notification.desktop_notification.terminal_notifier': Not used on non-Darwin systems
[1.398s] INFO:colcon.colcon_core.plugin_system:Skipping extension 'colcon_notification.desktop_notification.win32': Not used on non-Windows systems
[1.398s] INFO:colcon.colcon_notification.desktop_notification:Sending desktop notification using 'notify2'
[1.408s] DEBUG:colcon.colcon_core.event_reactor:joined thread
[1.409s] INFO:colcon.colcon_core.shell:Creating prefix script '/home/zym/Desktop/zym-ros2/town_ws/install/local_setup.ps1'
[1.410s] INFO:colcon.colcon_core.shell:Creating prefix util module '/home/zym/Desktop/zym-ros2/town_ws/install/_local_setup_util_ps1.py'
[1.411s] INFO:colcon.colcon_core.shell:Creating prefix chain script '/home/zym/Desktop/zym-ros2/town_ws/install/setup.ps1'
[1.411s] INFO:colcon.colcon_core.shell:Creating prefix script '/home/zym/Desktop/zym-ros2/town_ws/install/local_setup.sh'
[1.412s] INFO:colcon.colcon_core.shell:Creating prefix util module '/home/zym/Desktop/zym-ros2/town_ws/install/_local_setup_util_sh.py'
[1.412s] INFO:colcon.colcon_core.shell:Creating prefix chain script '/home/zym/Desktop/zym-ros2/town_ws/install/setup.sh'
[1.413s] INFO:colcon.colcon_core.shell:Creating prefix script '/home/zym/Desktop/zym-ros2/town_ws/install/local_setup.bash'
[1.413s] INFO:colcon.colcon_core.shell:Creating prefix chain script '/home/zym/Desktop/zym-ros2/town_ws/install/setup.bash'
[1.414s] INFO:colcon.colcon_core.shell:Creating prefix script '/home/zym/Desktop/zym-ros2/town_ws/install/local_setup.zsh'
[1.414s] INFO:colcon.colcon_core.shell:Creating prefix chain script '/home/zym/Desktop/zym-ros2/town_ws/install/setup.zsh'
