[0.009s] Invoking command in '/home/zym/Desktop/zym-ros2/chapt3/chapt3_ws/build/example_topic_rclcpp': CMAKE_PREFIX_PATH=/opt/ros/foxy /usr/bin/cmake /home/zym/Desktop/zym-ros2/chapt3/chapt3_ws/src/example_topic_rclcpp -DCMAKE_INSTALL_PREFIX=/home/zym/Desktop/zym-ros2/chapt3/chapt3_ws/install/example_topic_rclcpp
[0.017s] -- Found ament_cmake: 0.9.9 (/opt/ros/foxy/share/ament_cmake/cmake)
[0.032s] -- Using PYTHON_EXECUTABLE: /usr/bin/python3
[0.127s] -- Found rclcpp: 2.4.1 (/opt/ros/foxy/share/rclcpp/cmake)
[0.147s] -- Using all available rosidl_typesupport_c: rosidl_typesupport_fastrtps_c;rosidl_typesupport_introspection_c
[0.149s] -- Found rosidl_adapter: 1.2.1 (/opt/ros/foxy/share/rosidl_adapter/cmake)
[0.218s] -- Using all available rosidl_typesupport_cpp: rosidl_typesupport_fastrtps_cpp;rosidl_typesupport_introspection_cpp
[0.247s] -- Found rmw_implementation_cmake: 1.0.3 (/opt/ros/foxy/share/rmw_implementation_cmake/cmake)
[0.248s] -- Using RMW implementation 'rmw_fastrtps_cpp' as default
[0.334s] -- Found ament_lint_auto: 0.9.6 (/opt/ros/foxy/share/ament_lint_auto/cmake)
[0.369s] -- Added test 'copyright' to check source files copyright and LICENSE
[0.370s] -- Added test 'lint_cmake' to check CMake code style
[0.370s] -- Added test 'xmllint' to check XML markup files
[0.372s] -- Configuring done
[0.373s] CMake Error at CMakeLists.txt:34 (add_executable):
[0.373s]   Cannot find source file:
[0.373s] 
[0.373s]     src/topic_publisher_01.cpp
[0.373s] 
[0.373s]   Tried extensions .c .C .c++ .cc .cpp .cxx .cu .m .M .mm .h .hh .h++ .hm
[0.373s]   .hpp .hxx .in .txx
[0.373s] 
[0.373s] 
[0.373s] CMake Error at CMakeLists.txt:34 (add_executable):
[0.373s]   No SOURCES given to target: topic_publisher_01
[0.373s] 
[0.373s] 
[0.373s] CMake Generate step failed.  Build files cannot be regenerated correctly.
[0.378s] Invoked command in '/home/zym/Desktop/zym-ros2/chapt3/chapt3_ws/build/example_topic_rclcpp' returned '1': CMAKE_PREFIX_PATH=/opt/ros/foxy /usr/bin/cmake /home/zym/Desktop/zym-ros2/chapt3/chapt3_ws/src/example_topic_rclcpp -DCMAKE_INSTALL_PREFIX=/home/zym/Desktop/zym-ros2/chapt3/chapt3_ws/install/example_topic_rclcpp
