[0.137s] Invoking command in '/home/zym/Desktop/zym-ros2/town_ws/build/village_wang': CMAKE_PREFIX_PATH=${CMAKE_PREFIX_PATH}:/home/zym/Desktop/zym-ros2/town_ws/install/village_li:/opt/ros/foxy /usr/bin/cmake --build /home/zym/Desktop/zym-ros2/town_ws/build/village_wang -- -j16 -l16
[0.171s] [100%] Built target wang2_node
[0.177s] Invoked command in '/home/zym/Desktop/zym-ros2/town_ws/build/village_wang' returned '0': CMAKE_PREFIX_PATH=${CMAKE_PREFIX_PATH}:/home/zym/Desktop/zym-ros2/town_ws/install/village_li:/opt/ros/foxy /usr/bin/cmake --build /home/zym/Desktop/zym-ros2/town_ws/build/village_wang -- -j16 -l16
[0.199s] Invoking command in '/home/zym/Desktop/zym-ros2/town_ws/build/village_wang': CMAKE_PREFIX_PATH=${CMAKE_PREFIX_PATH}:/home/zym/Desktop/zym-ros2/town_ws/install/village_li:/opt/ros/foxy /usr/bin/cmake --install /home/zym/Desktop/zym-ros2/town_ws/build/village_wang
[0.206s] -- Install configuration: ""
[0.206s] -- Up-to-date: /home/zym/Desktop/zym-ros2/town_ws/install/village_wang/share/ament_index/resource_index/package_run_dependencies/village_wang
[0.206s] -- Up-to-date: /home/zym/Desktop/zym-ros2/town_ws/install/village_wang/share/ament_index/resource_index/parent_prefix_path/village_wang
[0.206s] -- Up-to-date: /home/zym/Desktop/zym-ros2/town_ws/install/village_wang/share/village_wang/environment/ament_prefix_path.sh
[0.206s] -- Up-to-date: /home/zym/Desktop/zym-ros2/town_ws/install/village_wang/share/village_wang/environment/ament_prefix_path.dsv
[0.206s] -- Up-to-date: /home/zym/Desktop/zym-ros2/town_ws/install/village_wang/share/village_wang/environment/path.sh
[0.206s] -- Up-to-date: /home/zym/Desktop/zym-ros2/town_ws/install/village_wang/share/village_wang/environment/path.dsv
[0.206s] -- Up-to-date: /home/zym/Desktop/zym-ros2/town_ws/install/village_wang/share/village_wang/local_setup.bash
[0.206s] -- Up-to-date: /home/zym/Desktop/zym-ros2/town_ws/install/village_wang/share/village_wang/local_setup.sh
[0.206s] -- Up-to-date: /home/zym/Desktop/zym-ros2/town_ws/install/village_wang/share/village_wang/local_setup.zsh
[0.206s] -- Up-to-date: /home/zym/Desktop/zym-ros2/town_ws/install/village_wang/share/village_wang/local_setup.dsv
[0.206s] -- Up-to-date: /home/zym/Desktop/zym-ros2/town_ws/install/village_wang/share/village_wang/package.dsv
[0.206s] -- Up-to-date: /home/zym/Desktop/zym-ros2/town_ws/install/village_wang/share/ament_index/resource_index/packages/village_wang
[0.206s] -- Up-to-date: /home/zym/Desktop/zym-ros2/town_ws/install/village_wang/share/village_wang/cmake/village_wangConfig.cmake
[0.206s] -- Up-to-date: /home/zym/Desktop/zym-ros2/town_ws/install/village_wang/share/village_wang/cmake/village_wangConfig-version.cmake
[0.206s] -- Up-to-date: /home/zym/Desktop/zym-ros2/town_ws/install/village_wang/share/village_wang/package.xml
[0.207s] -- Up-to-date: /home/zym/Desktop/zym-ros2/town_ws/install/village_wang/lib/village_wang/wang2_node
[0.208s] Invoked command in '/home/zym/Desktop/zym-ros2/town_ws/build/village_wang' returned '0': CMAKE_PREFIX_PATH=${CMAKE_PREFIX_PATH}:/home/zym/Desktop/zym-ros2/town_ws/install/village_li:/opt/ros/foxy /usr/bin/cmake --install /home/zym/Desktop/zym-ros2/town_ws/build/village_wang
