[0.078s] DEBUG:colcon:Command line arguments: ['/usr/bin/colcon', 'build', '--packages-select', 'village_li']
[0.078s] DEBUG:colcon:Parsed command line arguments: Namespace(allow_overriding=[], ament_cmake_args=None, base_paths=['.'], build_base='build', catkin_cmake_args=None, catkin_skip_building_tests=False, cmake_args=None, cmake_clean_cache=False, cmake_clean_first=False, cmake_force_configure=False, cmake_target=None, cmake_target_skip_unavailable=False, continue_on_error=False, event_handlers=None, executor='parallel', ignore_user_meta=False, install_base='install', log_base=None, log_level=None, main=<bound method BuildVerb.main of <colcon_core.verb.build.BuildVerb object at 0x7f6196479340>>, merge_install=False, metas=['./colcon.meta'], packages_above=None, packages_above_and_dependencies=None, packages_above_depth=None, packages_end=None, packages_ignore=None, packages_ignore_regex=None, packages_select=['village_li'], packages_select_build_failed=False, packages_select_by_dep=None, packages_select_regex=None, packages_select_test_failures=False, packages_skip=None, packages_skip_build_finished=False, packages_skip_by_dep=None, packages_skip_regex=None, packages_skip_test_passed=False, packages_skip_up_to=None, packages_start=None, packages_up_to=None, packages_up_to_regex=None, parallel_workers=16, paths=None, symlink_install=False, test_result_base=None, verb_extension=<colcon_core.verb.build.BuildVerb object at 0x7f6196479340>, verb_name='build', verb_parser=<colcon_defaults.argument_parser.defaults.DefaultArgumentsDecorator object at 0x7f6196479880>)
[0.080s] Level 1:colcon.colcon_core.package_discovery:discover_packages(colcon_meta) check parameters
[0.080s] Level 1:colcon.colcon_core.package_discovery:discover_packages(recursive) check parameters
[0.080s] Level 1:colcon.colcon_core.package_discovery:discover_packages(ignore) check parameters
[0.080s] Level 1:colcon.colcon_core.package_discovery:discover_packages(path) check parameters
[0.080s] Level 1:colcon.colcon_core.package_discovery:discover_packages(colcon_meta) discover
[0.080s] Level 1:colcon.colcon_core.package_discovery:discover_packages(recursive) discover
[0.080s] INFO:colcon.colcon_core.package_discovery:Crawling recursively for packages in '/home/zym/Desktop/zym-ros2'
[0.080s] Level 1:colcon.colcon_core.package_identification:_identify(.) by extensions ['ignore', 'ignore_ament_install']
[0.080s] Level 1:colcon.colcon_core.package_identification:_identify(.) by extension 'ignore'
[0.080s] Level 1:colcon.colcon_core.package_identification:_identify(.) by extension 'ignore_ament_install'
[0.081s] Level 1:colcon.colcon_core.package_identification:_identify(.) by extensions ['colcon_pkg']
[0.081s] Level 1:colcon.colcon_core.package_identification:_identify(.) by extension 'colcon_pkg'
[0.081s] Level 1:colcon.colcon_core.package_identification:_identify(.) by extensions ['colcon_meta']
[0.081s] Level 1:colcon.colcon_core.package_identification:_identify(.) by extension 'colcon_meta'
[0.081s] Level 1:colcon.colcon_core.package_identification:_identify(.) by extensions ['ros']
[0.081s] Level 1:colcon.colcon_core.package_identification:_identify(.) by extension 'ros'
[0.087s] Level 1:colcon.colcon_core.package_identification:_identify(.) by extensions ['cmake', 'python']
[0.087s] Level 1:colcon.colcon_core.package_identification:_identify(.) by extension 'cmake'
[0.087s] Level 1:colcon.colcon_core.package_identification:_identify(.) by extension 'python'
[0.087s] Level 1:colcon.colcon_core.package_identification:_identify(.) by extensions ['python_setup_py']
[0.087s] Level 1:colcon.colcon_core.package_identification:_identify(.) by extension 'python_setup_py'
[0.087s] Level 1:colcon.colcon_core.package_identification:_identify(build) by extensions ['ignore', 'ignore_ament_install']
[0.088s] Level 1:colcon.colcon_core.package_identification:_identify(build) by extension 'ignore'
[0.088s] Level 1:colcon.colcon_core.package_identification:_identify(build) ignored
[0.088s] Level 1:colcon.colcon_core.package_identification:_identify(colcon_test) by extensions ['ignore', 'ignore_ament_install']
[0.088s] Level 1:colcon.colcon_core.package_identification:_identify(colcon_test) by extension 'ignore'
[0.088s] Level 1:colcon.colcon_core.package_identification:_identify(colcon_test) by extension 'ignore_ament_install'
[0.088s] Level 1:colcon.colcon_core.package_identification:_identify(colcon_test) by extensions ['colcon_pkg']
[0.088s] Level 1:colcon.colcon_core.package_identification:_identify(colcon_test) by extension 'colcon_pkg'
[0.088s] Level 1:colcon.colcon_core.package_identification:_identify(colcon_test) by extensions ['colcon_meta']
[0.088s] Level 1:colcon.colcon_core.package_identification:_identify(colcon_test) by extension 'colcon_meta'
[0.088s] Level 1:colcon.colcon_core.package_identification:_identify(colcon_test) by extensions ['ros']
[0.088s] Level 1:colcon.colcon_core.package_identification:_identify(colcon_test) by extension 'ros'
[0.088s] Level 1:colcon.colcon_core.package_identification:_identify(colcon_test) by extensions ['cmake', 'python']
[0.088s] Level 1:colcon.colcon_core.package_identification:_identify(colcon_test) by extension 'cmake'
[0.088s] Level 1:colcon.colcon_core.package_identification:_identify(colcon_test) by extension 'python'
[0.088s] Level 1:colcon.colcon_core.package_identification:_identify(colcon_test) by extensions ['python_setup_py']
[0.088s] Level 1:colcon.colcon_core.package_identification:_identify(colcon_test) by extension 'python_setup_py'
[0.088s] Level 1:colcon.colcon_core.package_identification:_identify(colcon_test/build) by extensions ['ignore', 'ignore_ament_install']
[0.088s] Level 1:colcon.colcon_core.package_identification:_identify(colcon_test/build) by extension 'ignore'
[0.088s] Level 1:colcon.colcon_core.package_identification:_identify(colcon_test/build) ignored
[0.088s] Level 1:colcon.colcon_core.package_identification:_identify(colcon_test/install) by extensions ['ignore', 'ignore_ament_install']
[0.088s] Level 1:colcon.colcon_core.package_identification:_identify(colcon_test/install) by extension 'ignore'
[0.088s] Level 1:colcon.colcon_core.package_identification:_identify(colcon_test/install) ignored
[0.088s] Level 1:colcon.colcon_core.package_identification:_identify(colcon_test/log) by extensions ['ignore', 'ignore_ament_install']
[0.088s] Level 1:colcon.colcon_core.package_identification:_identify(colcon_test/log) by extension 'ignore'
[0.088s] Level 1:colcon.colcon_core.package_identification:_identify(colcon_test/log) ignored
[0.088s] Level 1:colcon.colcon_core.package_identification:_identify(colcon_test/src) by extensions ['ignore', 'ignore_ament_install']
[0.088s] Level 1:colcon.colcon_core.package_identification:_identify(colcon_test/src) by extension 'ignore'
[0.088s] Level 1:colcon.colcon_core.package_identification:_identify(colcon_test/src) by extension 'ignore_ament_install'
[0.088s] Level 1:colcon.colcon_core.package_identification:_identify(colcon_test/src) by extensions ['colcon_pkg']
[0.088s] Level 1:colcon.colcon_core.package_identification:_identify(colcon_test/src) by extension 'colcon_pkg'
[0.089s] Level 1:colcon.colcon_core.package_identification:_identify(colcon_test/src) by extensions ['colcon_meta']
[0.089s] Level 1:colcon.colcon_core.package_identification:_identify(colcon_test/src) by extension 'colcon_meta'
[0.089s] Level 1:colcon.colcon_core.package_identification:_identify(colcon_test/src) by extensions ['ros']
[0.089s] Level 1:colcon.colcon_core.package_identification:_identify(colcon_test/src) by extension 'ros'
[0.089s] Level 1:colcon.colcon_core.package_identification:_identify(colcon_test/src) by extensions ['cmake', 'python']
[0.089s] Level 1:colcon.colcon_core.package_identification:_identify(colcon_test/src) by extension 'cmake'
[0.089s] Level 1:colcon.colcon_core.package_identification:_identify(colcon_test/src) by extension 'python'
[0.089s] Level 1:colcon.colcon_core.package_identification:_identify(colcon_test/src) by extensions ['python_setup_py']
[0.089s] Level 1:colcon.colcon_core.package_identification:_identify(colcon_test/src) by extension 'python_setup_py'
[0.089s] Level 1:colcon.colcon_core.package_identification:_identify(colcon_test/src/examples) by extensions ['ignore', 'ignore_ament_install']
[0.089s] Level 1:colcon.colcon_core.package_identification:_identify(colcon_test/src/examples) by extension 'ignore'
[0.089s] Level 1:colcon.colcon_core.package_identification:_identify(colcon_test/src/examples) by extension 'ignore_ament_install'
[0.089s] Level 1:colcon.colcon_core.package_identification:_identify(colcon_test/src/examples) by extensions ['colcon_pkg']
[0.089s] Level 1:colcon.colcon_core.package_identification:_identify(colcon_test/src/examples) by extension 'colcon_pkg'
[0.089s] Level 1:colcon.colcon_core.package_identification:_identify(colcon_test/src/examples) by extensions ['colcon_meta']
[0.089s] Level 1:colcon.colcon_core.package_identification:_identify(colcon_test/src/examples) by extension 'colcon_meta'
[0.089s] Level 1:colcon.colcon_core.package_identification:_identify(colcon_test/src/examples) by extensions ['ros']
[0.089s] Level 1:colcon.colcon_core.package_identification:_identify(colcon_test/src/examples) by extension 'ros'
[0.089s] Level 1:colcon.colcon_core.package_identification:_identify(colcon_test/src/examples) by extensions ['cmake', 'python']
[0.089s] Level 1:colcon.colcon_core.package_identification:_identify(colcon_test/src/examples) by extension 'cmake'
[0.089s] Level 1:colcon.colcon_core.package_identification:_identify(colcon_test/src/examples) by extension 'python'
[0.089s] Level 1:colcon.colcon_core.package_identification:_identify(colcon_test/src/examples) by extensions ['python_setup_py']
[0.089s] Level 1:colcon.colcon_core.package_identification:_identify(colcon_test/src/examples) by extension 'python_setup_py'
[0.089s] Level 1:colcon.colcon_core.package_identification:_identify(colcon_test/src/examples/rclcpp) by extensions ['ignore', 'ignore_ament_install']
[0.089s] Level 1:colcon.colcon_core.package_identification:_identify(colcon_test/src/examples/rclcpp) by extension 'ignore'
[0.089s] Level 1:colcon.colcon_core.package_identification:_identify(colcon_test/src/examples/rclcpp) by extension 'ignore_ament_install'
[0.089s] Level 1:colcon.colcon_core.package_identification:_identify(colcon_test/src/examples/rclcpp) by extensions ['colcon_pkg']
[0.089s] Level 1:colcon.colcon_core.package_identification:_identify(colcon_test/src/examples/rclcpp) by extension 'colcon_pkg'
[0.089s] Level 1:colcon.colcon_core.package_identification:_identify(colcon_test/src/examples/rclcpp) by extensions ['colcon_meta']
[0.089s] Level 1:colcon.colcon_core.package_identification:_identify(colcon_test/src/examples/rclcpp) by extension 'colcon_meta'
[0.089s] Level 1:colcon.colcon_core.package_identification:_identify(colcon_test/src/examples/rclcpp) by extensions ['ros']
[0.089s] Level 1:colcon.colcon_core.package_identification:_identify(colcon_test/src/examples/rclcpp) by extension 'ros'
[0.089s] Level 1:colcon.colcon_core.package_identification:_identify(colcon_test/src/examples/rclcpp) by extensions ['cmake', 'python']
[0.089s] Level 1:colcon.colcon_core.package_identification:_identify(colcon_test/src/examples/rclcpp) by extension 'cmake'
[0.090s] Level 1:colcon.colcon_core.package_identification:_identify(colcon_test/src/examples/rclcpp) by extension 'python'
[0.090s] Level 1:colcon.colcon_core.package_identification:_identify(colcon_test/src/examples/rclcpp) by extensions ['python_setup_py']
[0.090s] Level 1:colcon.colcon_core.package_identification:_identify(colcon_test/src/examples/rclcpp) by extension 'python_setup_py'
[0.090s] Level 1:colcon.colcon_core.package_identification:_identify(colcon_test/src/examples/rclcpp/actions) by extensions ['ignore', 'ignore_ament_install']
[0.090s] Level 1:colcon.colcon_core.package_identification:_identify(colcon_test/src/examples/rclcpp/actions) by extension 'ignore'
[0.090s] Level 1:colcon.colcon_core.package_identification:_identify(colcon_test/src/examples/rclcpp/actions) by extension 'ignore_ament_install'
[0.090s] Level 1:colcon.colcon_core.package_identification:_identify(colcon_test/src/examples/rclcpp/actions) by extensions ['colcon_pkg']
[0.090s] Level 1:colcon.colcon_core.package_identification:_identify(colcon_test/src/examples/rclcpp/actions) by extension 'colcon_pkg'
[0.090s] Level 1:colcon.colcon_core.package_identification:_identify(colcon_test/src/examples/rclcpp/actions) by extensions ['colcon_meta']
[0.090s] Level 1:colcon.colcon_core.package_identification:_identify(colcon_test/src/examples/rclcpp/actions) by extension 'colcon_meta'
[0.090s] Level 1:colcon.colcon_core.package_identification:_identify(colcon_test/src/examples/rclcpp/actions) by extensions ['ros']
[0.090s] Level 1:colcon.colcon_core.package_identification:_identify(colcon_test/src/examples/rclcpp/actions) by extension 'ros'
[0.090s] Level 1:colcon.colcon_core.package_identification:_identify(colcon_test/src/examples/rclcpp/actions) by extensions ['cmake', 'python']
[0.090s] Level 1:colcon.colcon_core.package_identification:_identify(colcon_test/src/examples/rclcpp/actions) by extension 'cmake'
[0.090s] Level 1:colcon.colcon_core.package_identification:_identify(colcon_test/src/examples/rclcpp/actions) by extension 'python'
[0.090s] Level 1:colcon.colcon_core.package_identification:_identify(colcon_test/src/examples/rclcpp/actions) by extensions ['python_setup_py']
[0.090s] Level 1:colcon.colcon_core.package_identification:_identify(colcon_test/src/examples/rclcpp/actions) by extension 'python_setup_py'
[0.090s] Level 1:colcon.colcon_core.package_identification:_identify(colcon_test/src/examples/rclcpp/actions/minimal_action_client) by extensions ['ignore', 'ignore_ament_install']
[0.090s] Level 1:colcon.colcon_core.package_identification:_identify(colcon_test/src/examples/rclcpp/actions/minimal_action_client) by extension 'ignore'
[0.090s] Level 1:colcon.colcon_core.package_identification:_identify(colcon_test/src/examples/rclcpp/actions/minimal_action_client) by extension 'ignore_ament_install'
[0.090s] Level 1:colcon.colcon_core.package_identification:_identify(colcon_test/src/examples/rclcpp/actions/minimal_action_client) by extensions ['colcon_pkg']
[0.090s] Level 1:colcon.colcon_core.package_identification:_identify(colcon_test/src/examples/rclcpp/actions/minimal_action_client) by extension 'colcon_pkg'
[0.090s] Level 1:colcon.colcon_core.package_identification:_identify(colcon_test/src/examples/rclcpp/actions/minimal_action_client) by extensions ['colcon_meta']
[0.090s] Level 1:colcon.colcon_core.package_identification:_identify(colcon_test/src/examples/rclcpp/actions/minimal_action_client) by extension 'colcon_meta'
[0.090s] Level 1:colcon.colcon_core.package_identification:_identify(colcon_test/src/examples/rclcpp/actions/minimal_action_client) by extensions ['ros']
[0.090s] Level 1:colcon.colcon_core.package_identification:_identify(colcon_test/src/examples/rclcpp/actions/minimal_action_client) by extension 'ros'
[0.092s] DEBUG:colcon.colcon_core.package_identification:Package 'colcon_test/src/examples/rclcpp/actions/minimal_action_client' with type 'ros.ament_cmake' and name 'examples_rclcpp_minimal_action_client'
[0.092s] Level 1:colcon.colcon_core.package_identification:_identify(colcon_test/src/examples/rclcpp/actions/minimal_action_server) by extensions ['ignore', 'ignore_ament_install']
[0.092s] Level 1:colcon.colcon_core.package_identification:_identify(colcon_test/src/examples/rclcpp/actions/minimal_action_server) by extension 'ignore'
[0.092s] Level 1:colcon.colcon_core.package_identification:_identify(colcon_test/src/examples/rclcpp/actions/minimal_action_server) by extension 'ignore_ament_install'
[0.092s] Level 1:colcon.colcon_core.package_identification:_identify(colcon_test/src/examples/rclcpp/actions/minimal_action_server) by extensions ['colcon_pkg']
[0.092s] Level 1:colcon.colcon_core.package_identification:_identify(colcon_test/src/examples/rclcpp/actions/minimal_action_server) by extension 'colcon_pkg'
[0.092s] Level 1:colcon.colcon_core.package_identification:_identify(colcon_test/src/examples/rclcpp/actions/minimal_action_server) by extensions ['colcon_meta']
[0.092s] Level 1:colcon.colcon_core.package_identification:_identify(colcon_test/src/examples/rclcpp/actions/minimal_action_server) by extension 'colcon_meta'
[0.092s] Level 1:colcon.colcon_core.package_identification:_identify(colcon_test/src/examples/rclcpp/actions/minimal_action_server) by extensions ['ros']
[0.092s] Level 1:colcon.colcon_core.package_identification:_identify(colcon_test/src/examples/rclcpp/actions/minimal_action_server) by extension 'ros'
[0.093s] DEBUG:colcon.colcon_core.package_identification:Package 'colcon_test/src/examples/rclcpp/actions/minimal_action_server' with type 'ros.ament_cmake' and name 'examples_rclcpp_minimal_action_server'
[0.093s] Level 1:colcon.colcon_core.package_identification:_identify(colcon_test/src/examples/rclcpp/composition) by extensions ['ignore', 'ignore_ament_install']
[0.093s] Level 1:colcon.colcon_core.package_identification:_identify(colcon_test/src/examples/rclcpp/composition) by extension 'ignore'
[0.093s] Level 1:colcon.colcon_core.package_identification:_identify(colcon_test/src/examples/rclcpp/composition) by extension 'ignore_ament_install'
[0.093s] Level 1:colcon.colcon_core.package_identification:_identify(colcon_test/src/examples/rclcpp/composition) by extensions ['colcon_pkg']
[0.093s] Level 1:colcon.colcon_core.package_identification:_identify(colcon_test/src/examples/rclcpp/composition) by extension 'colcon_pkg'
[0.093s] Level 1:colcon.colcon_core.package_identification:_identify(colcon_test/src/examples/rclcpp/composition) by extensions ['colcon_meta']
[0.093s] Level 1:colcon.colcon_core.package_identification:_identify(colcon_test/src/examples/rclcpp/composition) by extension 'colcon_meta'
[0.093s] Level 1:colcon.colcon_core.package_identification:_identify(colcon_test/src/examples/rclcpp/composition) by extensions ['ros']
[0.093s] Level 1:colcon.colcon_core.package_identification:_identify(colcon_test/src/examples/rclcpp/composition) by extension 'ros'
[0.093s] Level 1:colcon.colcon_core.package_identification:_identify(colcon_test/src/examples/rclcpp/composition) by extensions ['cmake', 'python']
[0.093s] Level 1:colcon.colcon_core.package_identification:_identify(colcon_test/src/examples/rclcpp/composition) by extension 'cmake'
[0.093s] Level 1:colcon.colcon_core.package_identification:_identify(colcon_test/src/examples/rclcpp/composition) by extension 'python'
[0.093s] Level 1:colcon.colcon_core.package_identification:_identify(colcon_test/src/examples/rclcpp/composition) by extensions ['python_setup_py']
[0.093s] Level 1:colcon.colcon_core.package_identification:_identify(colcon_test/src/examples/rclcpp/composition) by extension 'python_setup_py'
[0.093s] Level 1:colcon.colcon_core.package_identification:_identify(colcon_test/src/examples/rclcpp/composition/minimal_composition) by extensions ['ignore', 'ignore_ament_install']
[0.093s] Level 1:colcon.colcon_core.package_identification:_identify(colcon_test/src/examples/rclcpp/composition/minimal_composition) by extension 'ignore'
[0.093s] Level 1:colcon.colcon_core.package_identification:_identify(colcon_test/src/examples/rclcpp/composition/minimal_composition) by extension 'ignore_ament_install'
[0.093s] Level 1:colcon.colcon_core.package_identification:_identify(colcon_test/src/examples/rclcpp/composition/minimal_composition) by extensions ['colcon_pkg']
[0.093s] Level 1:colcon.colcon_core.package_identification:_identify(colcon_test/src/examples/rclcpp/composition/minimal_composition) by extension 'colcon_pkg'
[0.093s] Level 1:colcon.colcon_core.package_identification:_identify(colcon_test/src/examples/rclcpp/composition/minimal_composition) by extensions ['colcon_meta']
[0.093s] Level 1:colcon.colcon_core.package_identification:_identify(colcon_test/src/examples/rclcpp/composition/minimal_composition) by extension 'colcon_meta'
[0.093s] Level 1:colcon.colcon_core.package_identification:_identify(colcon_test/src/examples/rclcpp/composition/minimal_composition) by extensions ['ros']
[0.093s] Level 1:colcon.colcon_core.package_identification:_identify(colcon_test/src/examples/rclcpp/composition/minimal_composition) by extension 'ros'
[0.094s] DEBUG:colcon.colcon_core.package_identification:Package 'colcon_test/src/examples/rclcpp/composition/minimal_composition' with type 'ros.ament_cmake' and name 'examples_rclcpp_minimal_composition'
[0.094s] Level 1:colcon.colcon_core.package_identification:_identify(colcon_test/src/examples/rclcpp/executors) by extensions ['ignore', 'ignore_ament_install']
[0.094s] Level 1:colcon.colcon_core.package_identification:_identify(colcon_test/src/examples/rclcpp/executors) by extension 'ignore'
[0.094s] Level 1:colcon.colcon_core.package_identification:_identify(colcon_test/src/examples/rclcpp/executors) by extension 'ignore_ament_install'
[0.094s] Level 1:colcon.colcon_core.package_identification:_identify(colcon_test/src/examples/rclcpp/executors) by extensions ['colcon_pkg']
[0.094s] Level 1:colcon.colcon_core.package_identification:_identify(colcon_test/src/examples/rclcpp/executors) by extension 'colcon_pkg'
[0.094s] Level 1:colcon.colcon_core.package_identification:_identify(colcon_test/src/examples/rclcpp/executors) by extensions ['colcon_meta']
[0.094s] Level 1:colcon.colcon_core.package_identification:_identify(colcon_test/src/examples/rclcpp/executors) by extension 'colcon_meta'
[0.094s] Level 1:colcon.colcon_core.package_identification:_identify(colcon_test/src/examples/rclcpp/executors) by extensions ['ros']
[0.094s] Level 1:colcon.colcon_core.package_identification:_identify(colcon_test/src/examples/rclcpp/executors) by extension 'ros'
[0.094s] Level 1:colcon.colcon_core.package_identification:_identify(colcon_test/src/examples/rclcpp/executors) by extensions ['cmake', 'python']
[0.094s] Level 1:colcon.colcon_core.package_identification:_identify(colcon_test/src/examples/rclcpp/executors) by extension 'cmake'
[0.094s] Level 1:colcon.colcon_core.package_identification:_identify(colcon_test/src/examples/rclcpp/executors) by extension 'python'
[0.094s] Level 1:colcon.colcon_core.package_identification:_identify(colcon_test/src/examples/rclcpp/executors) by extensions ['python_setup_py']
[0.094s] Level 1:colcon.colcon_core.package_identification:_identify(colcon_test/src/examples/rclcpp/executors) by extension 'python_setup_py'
[0.094s] Level 1:colcon.colcon_core.package_identification:_identify(colcon_test/src/examples/rclcpp/executors/multithreaded_executor) by extensions ['ignore', 'ignore_ament_install']
[0.094s] Level 1:colcon.colcon_core.package_identification:_identify(colcon_test/src/examples/rclcpp/executors/multithreaded_executor) by extension 'ignore'
[0.094s] Level 1:colcon.colcon_core.package_identification:_identify(colcon_test/src/examples/rclcpp/executors/multithreaded_executor) by extension 'ignore_ament_install'
[0.094s] Level 1:colcon.colcon_core.package_identification:_identify(colcon_test/src/examples/rclcpp/executors/multithreaded_executor) by extensions ['colcon_pkg']
[0.094s] Level 1:colcon.colcon_core.package_identification:_identify(colcon_test/src/examples/rclcpp/executors/multithreaded_executor) by extension 'colcon_pkg'
[0.094s] Level 1:colcon.colcon_core.package_identification:_identify(colcon_test/src/examples/rclcpp/executors/multithreaded_executor) by extensions ['colcon_meta']
[0.094s] Level 1:colcon.colcon_core.package_identification:_identify(colcon_test/src/examples/rclcpp/executors/multithreaded_executor) by extension 'colcon_meta'
[0.094s] Level 1:colcon.colcon_core.package_identification:_identify(colcon_test/src/examples/rclcpp/executors/multithreaded_executor) by extensions ['ros']
[0.094s] Level 1:colcon.colcon_core.package_identification:_identify(colcon_test/src/examples/rclcpp/executors/multithreaded_executor) by extension 'ros'
[0.095s] DEBUG:colcon.colcon_core.package_identification:Package 'colcon_test/src/examples/rclcpp/executors/multithreaded_executor' with type 'ros.ament_cmake' and name 'examples_rclcpp_multithreaded_executor'
[0.095s] Level 1:colcon.colcon_core.package_identification:_identify(colcon_test/src/examples/rclcpp/services) by extensions ['ignore', 'ignore_ament_install']
[0.095s] Level 1:colcon.colcon_core.package_identification:_identify(colcon_test/src/examples/rclcpp/services) by extension 'ignore'
[0.095s] Level 1:colcon.colcon_core.package_identification:_identify(colcon_test/src/examples/rclcpp/services) by extension 'ignore_ament_install'
[0.095s] Level 1:colcon.colcon_core.package_identification:_identify(colcon_test/src/examples/rclcpp/services) by extensions ['colcon_pkg']
[0.095s] Level 1:colcon.colcon_core.package_identification:_identify(colcon_test/src/examples/rclcpp/services) by extension 'colcon_pkg'
[0.095s] Level 1:colcon.colcon_core.package_identification:_identify(colcon_test/src/examples/rclcpp/services) by extensions ['colcon_meta']
[0.095s] Level 1:colcon.colcon_core.package_identification:_identify(colcon_test/src/examples/rclcpp/services) by extension 'colcon_meta'
[0.095s] Level 1:colcon.colcon_core.package_identification:_identify(colcon_test/src/examples/rclcpp/services) by extensions ['ros']
[0.095s] Level 1:colcon.colcon_core.package_identification:_identify(colcon_test/src/examples/rclcpp/services) by extension 'ros'
[0.095s] Level 1:colcon.colcon_core.package_identification:_identify(colcon_test/src/examples/rclcpp/services) by extensions ['cmake', 'python']
[0.095s] Level 1:colcon.colcon_core.package_identification:_identify(colcon_test/src/examples/rclcpp/services) by extension 'cmake'
[0.095s] Level 1:colcon.colcon_core.package_identification:_identify(colcon_test/src/examples/rclcpp/services) by extension 'python'
[0.095s] Level 1:colcon.colcon_core.package_identification:_identify(colcon_test/src/examples/rclcpp/services) by extensions ['python_setup_py']
[0.095s] Level 1:colcon.colcon_core.package_identification:_identify(colcon_test/src/examples/rclcpp/services) by extension 'python_setup_py'
[0.095s] Level 1:colcon.colcon_core.package_identification:_identify(colcon_test/src/examples/rclcpp/services/minimal_client) by extensions ['ignore', 'ignore_ament_install']
[0.095s] Level 1:colcon.colcon_core.package_identification:_identify(colcon_test/src/examples/rclcpp/services/minimal_client) by extension 'ignore'
[0.095s] Level 1:colcon.colcon_core.package_identification:_identify(colcon_test/src/examples/rclcpp/services/minimal_client) by extension 'ignore_ament_install'
[0.095s] Level 1:colcon.colcon_core.package_identification:_identify(colcon_test/src/examples/rclcpp/services/minimal_client) by extensions ['colcon_pkg']
[0.095s] Level 1:colcon.colcon_core.package_identification:_identify(colcon_test/src/examples/rclcpp/services/minimal_client) by extension 'colcon_pkg'
[0.095s] Level 1:colcon.colcon_core.package_identification:_identify(colcon_test/src/examples/rclcpp/services/minimal_client) by extensions ['colcon_meta']
[0.095s] Level 1:colcon.colcon_core.package_identification:_identify(colcon_test/src/examples/rclcpp/services/minimal_client) by extension 'colcon_meta'
[0.095s] Level 1:colcon.colcon_core.package_identification:_identify(colcon_test/src/examples/rclcpp/services/minimal_client) by extensions ['ros']
[0.095s] Level 1:colcon.colcon_core.package_identification:_identify(colcon_test/src/examples/rclcpp/services/minimal_client) by extension 'ros'
[0.096s] DEBUG:colcon.colcon_core.package_identification:Package 'colcon_test/src/examples/rclcpp/services/minimal_client' with type 'ros.ament_cmake' and name 'examples_rclcpp_minimal_client'
[0.096s] Level 1:colcon.colcon_core.package_identification:_identify(colcon_test/src/examples/rclcpp/services/minimal_service) by extensions ['ignore', 'ignore_ament_install']
[0.096s] Level 1:colcon.colcon_core.package_identification:_identify(colcon_test/src/examples/rclcpp/services/minimal_service) by extension 'ignore'
[0.096s] Level 1:colcon.colcon_core.package_identification:_identify(colcon_test/src/examples/rclcpp/services/minimal_service) by extension 'ignore_ament_install'
[0.096s] Level 1:colcon.colcon_core.package_identification:_identify(colcon_test/src/examples/rclcpp/services/minimal_service) by extensions ['colcon_pkg']
[0.096s] Level 1:colcon.colcon_core.package_identification:_identify(colcon_test/src/examples/rclcpp/services/minimal_service) by extension 'colcon_pkg'
[0.096s] Level 1:colcon.colcon_core.package_identification:_identify(colcon_test/src/examples/rclcpp/services/minimal_service) by extensions ['colcon_meta']
[0.096s] Level 1:colcon.colcon_core.package_identification:_identify(colcon_test/src/examples/rclcpp/services/minimal_service) by extension 'colcon_meta'
[0.096s] Level 1:colcon.colcon_core.package_identification:_identify(colcon_test/src/examples/rclcpp/services/minimal_service) by extensions ['ros']
[0.096s] Level 1:colcon.colcon_core.package_identification:_identify(colcon_test/src/examples/rclcpp/services/minimal_service) by extension 'ros'
[0.097s] DEBUG:colcon.colcon_core.package_identification:Package 'colcon_test/src/examples/rclcpp/services/minimal_service' with type 'ros.ament_cmake' and name 'examples_rclcpp_minimal_service'
[0.097s] Level 1:colcon.colcon_core.package_identification:_identify(colcon_test/src/examples/rclcpp/timers) by extensions ['ignore', 'ignore_ament_install']
[0.097s] Level 1:colcon.colcon_core.package_identification:_identify(colcon_test/src/examples/rclcpp/timers) by extension 'ignore'
[0.097s] Level 1:colcon.colcon_core.package_identification:_identify(colcon_test/src/examples/rclcpp/timers) by extension 'ignore_ament_install'
[0.097s] Level 1:colcon.colcon_core.package_identification:_identify(colcon_test/src/examples/rclcpp/timers) by extensions ['colcon_pkg']
[0.097s] Level 1:colcon.colcon_core.package_identification:_identify(colcon_test/src/examples/rclcpp/timers) by extension 'colcon_pkg'
[0.097s] Level 1:colcon.colcon_core.package_identification:_identify(colcon_test/src/examples/rclcpp/timers) by extensions ['colcon_meta']
[0.097s] Level 1:colcon.colcon_core.package_identification:_identify(colcon_test/src/examples/rclcpp/timers) by extension 'colcon_meta'
[0.097s] Level 1:colcon.colcon_core.package_identification:_identify(colcon_test/src/examples/rclcpp/timers) by extensions ['ros']
[0.097s] Level 1:colcon.colcon_core.package_identification:_identify(colcon_test/src/examples/rclcpp/timers) by extension 'ros'
[0.097s] Level 1:colcon.colcon_core.package_identification:_identify(colcon_test/src/examples/rclcpp/timers) by extensions ['cmake', 'python']
[0.097s] Level 1:colcon.colcon_core.package_identification:_identify(colcon_test/src/examples/rclcpp/timers) by extension 'cmake'
[0.097s] Level 1:colcon.colcon_core.package_identification:_identify(colcon_test/src/examples/rclcpp/timers) by extension 'python'
[0.097s] Level 1:colcon.colcon_core.package_identification:_identify(colcon_test/src/examples/rclcpp/timers) by extensions ['python_setup_py']
[0.097s] Level 1:colcon.colcon_core.package_identification:_identify(colcon_test/src/examples/rclcpp/timers) by extension 'python_setup_py'
[0.097s] Level 1:colcon.colcon_core.package_identification:_identify(colcon_test/src/examples/rclcpp/timers/minimal_timer) by extensions ['ignore', 'ignore_ament_install']
[0.097s] Level 1:colcon.colcon_core.package_identification:_identify(colcon_test/src/examples/rclcpp/timers/minimal_timer) by extension 'ignore'
[0.097s] Level 1:colcon.colcon_core.package_identification:_identify(colcon_test/src/examples/rclcpp/timers/minimal_timer) by extension 'ignore_ament_install'
[0.097s] Level 1:colcon.colcon_core.package_identification:_identify(colcon_test/src/examples/rclcpp/timers/minimal_timer) by extensions ['colcon_pkg']
[0.097s] Level 1:colcon.colcon_core.package_identification:_identify(colcon_test/src/examples/rclcpp/timers/minimal_timer) by extension 'colcon_pkg'
[0.097s] Level 1:colcon.colcon_core.package_identification:_identify(colcon_test/src/examples/rclcpp/timers/minimal_timer) by extensions ['colcon_meta']
[0.097s] Level 1:colcon.colcon_core.package_identification:_identify(colcon_test/src/examples/rclcpp/timers/minimal_timer) by extension 'colcon_meta'
[0.097s] Level 1:colcon.colcon_core.package_identification:_identify(colcon_test/src/examples/rclcpp/timers/minimal_timer) by extensions ['ros']
[0.097s] Level 1:colcon.colcon_core.package_identification:_identify(colcon_test/src/examples/rclcpp/timers/minimal_timer) by extension 'ros'
[0.098s] DEBUG:colcon.colcon_core.package_identification:Package 'colcon_test/src/examples/rclcpp/timers/minimal_timer' with type 'ros.ament_cmake' and name 'examples_rclcpp_minimal_timer'
[0.098s] Level 1:colcon.colcon_core.package_identification:_identify(colcon_test/src/examples/rclcpp/topics) by extensions ['ignore', 'ignore_ament_install']
[0.098s] Level 1:colcon.colcon_core.package_identification:_identify(colcon_test/src/examples/rclcpp/topics) by extension 'ignore'
[0.098s] Level 1:colcon.colcon_core.package_identification:_identify(colcon_test/src/examples/rclcpp/topics) by extension 'ignore_ament_install'
[0.098s] Level 1:colcon.colcon_core.package_identification:_identify(colcon_test/src/examples/rclcpp/topics) by extensions ['colcon_pkg']
[0.098s] Level 1:colcon.colcon_core.package_identification:_identify(colcon_test/src/examples/rclcpp/topics) by extension 'colcon_pkg'
[0.098s] Level 1:colcon.colcon_core.package_identification:_identify(colcon_test/src/examples/rclcpp/topics) by extensions ['colcon_meta']
[0.098s] Level 1:colcon.colcon_core.package_identification:_identify(colcon_test/src/examples/rclcpp/topics) by extension 'colcon_meta'
[0.098s] Level 1:colcon.colcon_core.package_identification:_identify(colcon_test/src/examples/rclcpp/topics) by extensions ['ros']
[0.098s] Level 1:colcon.colcon_core.package_identification:_identify(colcon_test/src/examples/rclcpp/topics) by extension 'ros'
[0.098s] Level 1:colcon.colcon_core.package_identification:_identify(colcon_test/src/examples/rclcpp/topics) by extensions ['cmake', 'python']
[0.098s] Level 1:colcon.colcon_core.package_identification:_identify(colcon_test/src/examples/rclcpp/topics) by extension 'cmake'
[0.098s] Level 1:colcon.colcon_core.package_identification:_identify(colcon_test/src/examples/rclcpp/topics) by extension 'python'
[0.098s] Level 1:colcon.colcon_core.package_identification:_identify(colcon_test/src/examples/rclcpp/topics) by extensions ['python_setup_py']
[0.098s] Level 1:colcon.colcon_core.package_identification:_identify(colcon_test/src/examples/rclcpp/topics) by extension 'python_setup_py'
[0.098s] Level 1:colcon.colcon_core.package_identification:_identify(colcon_test/src/examples/rclcpp/topics/minimal_publisher) by extensions ['ignore', 'ignore_ament_install']
[0.098s] Level 1:colcon.colcon_core.package_identification:_identify(colcon_test/src/examples/rclcpp/topics/minimal_publisher) by extension 'ignore'
[0.098s] Level 1:colcon.colcon_core.package_identification:_identify(colcon_test/src/examples/rclcpp/topics/minimal_publisher) by extension 'ignore_ament_install'
[0.098s] Level 1:colcon.colcon_core.package_identification:_identify(colcon_test/src/examples/rclcpp/topics/minimal_publisher) by extensions ['colcon_pkg']
[0.098s] Level 1:colcon.colcon_core.package_identification:_identify(colcon_test/src/examples/rclcpp/topics/minimal_publisher) by extension 'colcon_pkg'
[0.098s] Level 1:colcon.colcon_core.package_identification:_identify(colcon_test/src/examples/rclcpp/topics/minimal_publisher) by extensions ['colcon_meta']
[0.098s] Level 1:colcon.colcon_core.package_identification:_identify(colcon_test/src/examples/rclcpp/topics/minimal_publisher) by extension 'colcon_meta'
[0.098s] Level 1:colcon.colcon_core.package_identification:_identify(colcon_test/src/examples/rclcpp/topics/minimal_publisher) by extensions ['ros']
[0.098s] Level 1:colcon.colcon_core.package_identification:_identify(colcon_test/src/examples/rclcpp/topics/minimal_publisher) by extension 'ros'
[0.099s] DEBUG:colcon.colcon_core.package_identification:Package 'colcon_test/src/examples/rclcpp/topics/minimal_publisher' with type 'ros.ament_cmake' and name 'examples_rclcpp_minimal_publisher'
[0.099s] Level 1:colcon.colcon_core.package_identification:_identify(colcon_test/src/examples/rclcpp/topics/minimal_subscriber) by extensions ['ignore', 'ignore_ament_install']
[0.099s] Level 1:colcon.colcon_core.package_identification:_identify(colcon_test/src/examples/rclcpp/topics/minimal_subscriber) by extension 'ignore'
[0.099s] Level 1:colcon.colcon_core.package_identification:_identify(colcon_test/src/examples/rclcpp/topics/minimal_subscriber) by extension 'ignore_ament_install'
[0.099s] Level 1:colcon.colcon_core.package_identification:_identify(colcon_test/src/examples/rclcpp/topics/minimal_subscriber) by extensions ['colcon_pkg']
[0.099s] Level 1:colcon.colcon_core.package_identification:_identify(colcon_test/src/examples/rclcpp/topics/minimal_subscriber) by extension 'colcon_pkg'
[0.099s] Level 1:colcon.colcon_core.package_identification:_identify(colcon_test/src/examples/rclcpp/topics/minimal_subscriber) by extensions ['colcon_meta']
[0.099s] Level 1:colcon.colcon_core.package_identification:_identify(colcon_test/src/examples/rclcpp/topics/minimal_subscriber) by extension 'colcon_meta'
[0.099s] Level 1:colcon.colcon_core.package_identification:_identify(colcon_test/src/examples/rclcpp/topics/minimal_subscriber) by extensions ['ros']
[0.099s] Level 1:colcon.colcon_core.package_identification:_identify(colcon_test/src/examples/rclcpp/topics/minimal_subscriber) by extension 'ros'
[0.099s] DEBUG:colcon.colcon_core.package_identification:Package 'colcon_test/src/examples/rclcpp/topics/minimal_subscriber' with type 'ros.ament_cmake' and name 'examples_rclcpp_minimal_subscriber'
[0.099s] Level 1:colcon.colcon_core.package_identification:_identify(colcon_test/src/examples/rclpy) by extensions ['ignore', 'ignore_ament_install']
[0.099s] Level 1:colcon.colcon_core.package_identification:_identify(colcon_test/src/examples/rclpy) by extension 'ignore'
[0.100s] Level 1:colcon.colcon_core.package_identification:_identify(colcon_test/src/examples/rclpy) by extension 'ignore_ament_install'
[0.100s] Level 1:colcon.colcon_core.package_identification:_identify(colcon_test/src/examples/rclpy) by extensions ['colcon_pkg']
[0.100s] Level 1:colcon.colcon_core.package_identification:_identify(colcon_test/src/examples/rclpy) by extension 'colcon_pkg'
[0.100s] Level 1:colcon.colcon_core.package_identification:_identify(colcon_test/src/examples/rclpy) by extensions ['colcon_meta']
[0.100s] Level 1:colcon.colcon_core.package_identification:_identify(colcon_test/src/examples/rclpy) by extension 'colcon_meta'
[0.100s] Level 1:colcon.colcon_core.package_identification:_identify(colcon_test/src/examples/rclpy) by extensions ['ros']
[0.100s] Level 1:colcon.colcon_core.package_identification:_identify(colcon_test/src/examples/rclpy) by extension 'ros'
[0.100s] Level 1:colcon.colcon_core.package_identification:_identify(colcon_test/src/examples/rclpy) by extensions ['cmake', 'python']
[0.100s] Level 1:colcon.colcon_core.package_identification:_identify(colcon_test/src/examples/rclpy) by extension 'cmake'
[0.100s] Level 1:colcon.colcon_core.package_identification:_identify(colcon_test/src/examples/rclpy) by extension 'python'
[0.100s] Level 1:colcon.colcon_core.package_identification:_identify(colcon_test/src/examples/rclpy) by extensions ['python_setup_py']
[0.100s] Level 1:colcon.colcon_core.package_identification:_identify(colcon_test/src/examples/rclpy) by extension 'python_setup_py'
[0.100s] Level 1:colcon.colcon_core.package_identification:_identify(colcon_test/src/examples/rclpy/actions) by extensions ['ignore', 'ignore_ament_install']
[0.100s] Level 1:colcon.colcon_core.package_identification:_identify(colcon_test/src/examples/rclpy/actions) by extension 'ignore'
[0.100s] Level 1:colcon.colcon_core.package_identification:_identify(colcon_test/src/examples/rclpy/actions) by extension 'ignore_ament_install'
[0.100s] Level 1:colcon.colcon_core.package_identification:_identify(colcon_test/src/examples/rclpy/actions) by extensions ['colcon_pkg']
[0.100s] Level 1:colcon.colcon_core.package_identification:_identify(colcon_test/src/examples/rclpy/actions) by extension 'colcon_pkg'
[0.100s] Level 1:colcon.colcon_core.package_identification:_identify(colcon_test/src/examples/rclpy/actions) by extensions ['colcon_meta']
[0.100s] Level 1:colcon.colcon_core.package_identification:_identify(colcon_test/src/examples/rclpy/actions) by extension 'colcon_meta'
[0.100s] Level 1:colcon.colcon_core.package_identification:_identify(colcon_test/src/examples/rclpy/actions) by extensions ['ros']
[0.100s] Level 1:colcon.colcon_core.package_identification:_identify(colcon_test/src/examples/rclpy/actions) by extension 'ros'
[0.100s] Level 1:colcon.colcon_core.package_identification:_identify(colcon_test/src/examples/rclpy/actions) by extensions ['cmake', 'python']
[0.100s] Level 1:colcon.colcon_core.package_identification:_identify(colcon_test/src/examples/rclpy/actions) by extension 'cmake'
[0.100s] Level 1:colcon.colcon_core.package_identification:_identify(colcon_test/src/examples/rclpy/actions) by extension 'python'
[0.100s] Level 1:colcon.colcon_core.package_identification:_identify(colcon_test/src/examples/rclpy/actions) by extensions ['python_setup_py']
[0.100s] Level 1:colcon.colcon_core.package_identification:_identify(colcon_test/src/examples/rclpy/actions) by extension 'python_setup_py'
[0.100s] Level 1:colcon.colcon_core.package_identification:_identify(colcon_test/src/examples/rclpy/actions/minimal_action_client) by extensions ['ignore', 'ignore_ament_install']
[0.100s] Level 1:colcon.colcon_core.package_identification:_identify(colcon_test/src/examples/rclpy/actions/minimal_action_client) by extension 'ignore'
[0.100s] Level 1:colcon.colcon_core.package_identification:_identify(colcon_test/src/examples/rclpy/actions/minimal_action_client) by extension 'ignore_ament_install'
[0.100s] Level 1:colcon.colcon_core.package_identification:_identify(colcon_test/src/examples/rclpy/actions/minimal_action_client) by extensions ['colcon_pkg']
[0.100s] Level 1:colcon.colcon_core.package_identification:_identify(colcon_test/src/examples/rclpy/actions/minimal_action_client) by extension 'colcon_pkg'
[0.100s] Level 1:colcon.colcon_core.package_identification:_identify(colcon_test/src/examples/rclpy/actions/minimal_action_client) by extensions ['colcon_meta']
[0.100s] Level 1:colcon.colcon_core.package_identification:_identify(colcon_test/src/examples/rclpy/actions/minimal_action_client) by extension 'colcon_meta'
[0.100s] Level 1:colcon.colcon_core.package_identification:_identify(colcon_test/src/examples/rclpy/actions/minimal_action_client) by extensions ['ros']
[0.100s] Level 1:colcon.colcon_core.package_identification:_identify(colcon_test/src/examples/rclpy/actions/minimal_action_client) by extension 'ros'
[0.101s] DEBUG:colcon.colcon_core.package_identification:Package 'colcon_test/src/examples/rclpy/actions/minimal_action_client' with type 'ros.ament_python' and name 'examples_rclpy_minimal_action_client'
[0.101s] Level 1:colcon.colcon_core.package_identification:_identify(colcon_test/src/examples/rclpy/actions/minimal_action_server) by extensions ['ignore', 'ignore_ament_install']
[0.101s] Level 1:colcon.colcon_core.package_identification:_identify(colcon_test/src/examples/rclpy/actions/minimal_action_server) by extension 'ignore'
[0.101s] Level 1:colcon.colcon_core.package_identification:_identify(colcon_test/src/examples/rclpy/actions/minimal_action_server) by extension 'ignore_ament_install'
[0.101s] Level 1:colcon.colcon_core.package_identification:_identify(colcon_test/src/examples/rclpy/actions/minimal_action_server) by extensions ['colcon_pkg']
[0.101s] Level 1:colcon.colcon_core.package_identification:_identify(colcon_test/src/examples/rclpy/actions/minimal_action_server) by extension 'colcon_pkg'
[0.101s] Level 1:colcon.colcon_core.package_identification:_identify(colcon_test/src/examples/rclpy/actions/minimal_action_server) by extensions ['colcon_meta']
[0.101s] Level 1:colcon.colcon_core.package_identification:_identify(colcon_test/src/examples/rclpy/actions/minimal_action_server) by extension 'colcon_meta'
[0.101s] Level 1:colcon.colcon_core.package_identification:_identify(colcon_test/src/examples/rclpy/actions/minimal_action_server) by extensions ['ros']
[0.101s] Level 1:colcon.colcon_core.package_identification:_identify(colcon_test/src/examples/rclpy/actions/minimal_action_server) by extension 'ros'
[0.102s] DEBUG:colcon.colcon_core.package_identification:Package 'colcon_test/src/examples/rclpy/actions/minimal_action_server' with type 'ros.ament_python' and name 'examples_rclpy_minimal_action_server'
[0.102s] Level 1:colcon.colcon_core.package_identification:_identify(colcon_test/src/examples/rclpy/executors) by extensions ['ignore', 'ignore_ament_install']
[0.102s] Level 1:colcon.colcon_core.package_identification:_identify(colcon_test/src/examples/rclpy/executors) by extension 'ignore'
[0.102s] Level 1:colcon.colcon_core.package_identification:_identify(colcon_test/src/examples/rclpy/executors) by extension 'ignore_ament_install'
[0.102s] Level 1:colcon.colcon_core.package_identification:_identify(colcon_test/src/examples/rclpy/executors) by extensions ['colcon_pkg']
[0.102s] Level 1:colcon.colcon_core.package_identification:_identify(colcon_test/src/examples/rclpy/executors) by extension 'colcon_pkg'
[0.102s] Level 1:colcon.colcon_core.package_identification:_identify(colcon_test/src/examples/rclpy/executors) by extensions ['colcon_meta']
[0.102s] Level 1:colcon.colcon_core.package_identification:_identify(colcon_test/src/examples/rclpy/executors) by extension 'colcon_meta'
[0.102s] Level 1:colcon.colcon_core.package_identification:_identify(colcon_test/src/examples/rclpy/executors) by extensions ['ros']
[0.102s] Level 1:colcon.colcon_core.package_identification:_identify(colcon_test/src/examples/rclpy/executors) by extension 'ros'
[0.102s] DEBUG:colcon.colcon_core.package_identification:Package 'colcon_test/src/examples/rclpy/executors' with type 'ros.ament_python' and name 'examples_rclpy_executors'
[0.102s] Level 1:colcon.colcon_core.package_identification:_identify(colcon_test/src/examples/rclpy/services) by extensions ['ignore', 'ignore_ament_install']
[0.102s] Level 1:colcon.colcon_core.package_identification:_identify(colcon_test/src/examples/rclpy/services) by extension 'ignore'
[0.102s] Level 1:colcon.colcon_core.package_identification:_identify(colcon_test/src/examples/rclpy/services) by extension 'ignore_ament_install'
[0.102s] Level 1:colcon.colcon_core.package_identification:_identify(colcon_test/src/examples/rclpy/services) by extensions ['colcon_pkg']
[0.102s] Level 1:colcon.colcon_core.package_identification:_identify(colcon_test/src/examples/rclpy/services) by extension 'colcon_pkg'
[0.102s] Level 1:colcon.colcon_core.package_identification:_identify(colcon_test/src/examples/rclpy/services) by extensions ['colcon_meta']
[0.102s] Level 1:colcon.colcon_core.package_identification:_identify(colcon_test/src/examples/rclpy/services) by extension 'colcon_meta'
[0.103s] Level 1:colcon.colcon_core.package_identification:_identify(colcon_test/src/examples/rclpy/services) by extensions ['ros']
[0.103s] Level 1:colcon.colcon_core.package_identification:_identify(colcon_test/src/examples/rclpy/services) by extension 'ros'
[0.103s] Level 1:colcon.colcon_core.package_identification:_identify(colcon_test/src/examples/rclpy/services) by extensions ['cmake', 'python']
[0.103s] Level 1:colcon.colcon_core.package_identification:_identify(colcon_test/src/examples/rclpy/services) by extension 'cmake'
[0.103s] Level 1:colcon.colcon_core.package_identification:_identify(colcon_test/src/examples/rclpy/services) by extension 'python'
[0.103s] Level 1:colcon.colcon_core.package_identification:_identify(colcon_test/src/examples/rclpy/services) by extensions ['python_setup_py']
[0.103s] Level 1:colcon.colcon_core.package_identification:_identify(colcon_test/src/examples/rclpy/services) by extension 'python_setup_py'
[0.103s] Level 1:colcon.colcon_core.package_identification:_identify(colcon_test/src/examples/rclpy/services/minimal_client) by extensions ['ignore', 'ignore_ament_install']
[0.103s] Level 1:colcon.colcon_core.package_identification:_identify(colcon_test/src/examples/rclpy/services/minimal_client) by extension 'ignore'
[0.103s] Level 1:colcon.colcon_core.package_identification:_identify(colcon_test/src/examples/rclpy/services/minimal_client) by extension 'ignore_ament_install'
[0.103s] Level 1:colcon.colcon_core.package_identification:_identify(colcon_test/src/examples/rclpy/services/minimal_client) by extensions ['colcon_pkg']
[0.103s] Level 1:colcon.colcon_core.package_identification:_identify(colcon_test/src/examples/rclpy/services/minimal_client) by extension 'colcon_pkg'
[0.103s] Level 1:colcon.colcon_core.package_identification:_identify(colcon_test/src/examples/rclpy/services/minimal_client) by extensions ['colcon_meta']
[0.103s] Level 1:colcon.colcon_core.package_identification:_identify(colcon_test/src/examples/rclpy/services/minimal_client) by extension 'colcon_meta'
[0.103s] Level 1:colcon.colcon_core.package_identification:_identify(colcon_test/src/examples/rclpy/services/minimal_client) by extensions ['ros']
[0.103s] Level 1:colcon.colcon_core.package_identification:_identify(colcon_test/src/examples/rclpy/services/minimal_client) by extension 'ros'
[0.103s] DEBUG:colcon.colcon_core.package_identification:Package 'colcon_test/src/examples/rclpy/services/minimal_client' with type 'ros.ament_python' and name 'examples_rclpy_minimal_client'
[0.103s] Level 1:colcon.colcon_core.package_identification:_identify(colcon_test/src/examples/rclpy/services/minimal_service) by extensions ['ignore', 'ignore_ament_install']
[0.103s] Level 1:colcon.colcon_core.package_identification:_identify(colcon_test/src/examples/rclpy/services/minimal_service) by extension 'ignore'
[0.103s] Level 1:colcon.colcon_core.package_identification:_identify(colcon_test/src/examples/rclpy/services/minimal_service) by extension 'ignore_ament_install'
[0.103s] Level 1:colcon.colcon_core.package_identification:_identify(colcon_test/src/examples/rclpy/services/minimal_service) by extensions ['colcon_pkg']
[0.104s] Level 1:colcon.colcon_core.package_identification:_identify(colcon_test/src/examples/rclpy/services/minimal_service) by extension 'colcon_pkg'
[0.104s] Level 1:colcon.colcon_core.package_identification:_identify(colcon_test/src/examples/rclpy/services/minimal_service) by extensions ['colcon_meta']
[0.104s] Level 1:colcon.colcon_core.package_identification:_identify(colcon_test/src/examples/rclpy/services/minimal_service) by extension 'colcon_meta'
[0.104s] Level 1:colcon.colcon_core.package_identification:_identify(colcon_test/src/examples/rclpy/services/minimal_service) by extensions ['ros']
[0.104s] Level 1:colcon.colcon_core.package_identification:_identify(colcon_test/src/examples/rclpy/services/minimal_service) by extension 'ros'
[0.104s] DEBUG:colcon.colcon_core.package_identification:Package 'colcon_test/src/examples/rclpy/services/minimal_service' with type 'ros.ament_python' and name 'examples_rclpy_minimal_service'
[0.104s] Level 1:colcon.colcon_core.package_identification:_identify(colcon_test/src/examples/rclpy/topics) by extensions ['ignore', 'ignore_ament_install']
[0.104s] Level 1:colcon.colcon_core.package_identification:_identify(colcon_test/src/examples/rclpy/topics) by extension 'ignore'
[0.104s] Level 1:colcon.colcon_core.package_identification:_identify(colcon_test/src/examples/rclpy/topics) by extension 'ignore_ament_install'
[0.104s] Level 1:colcon.colcon_core.package_identification:_identify(colcon_test/src/examples/rclpy/topics) by extensions ['colcon_pkg']
[0.104s] Level 1:colcon.colcon_core.package_identification:_identify(colcon_test/src/examples/rclpy/topics) by extension 'colcon_pkg'
[0.104s] Level 1:colcon.colcon_core.package_identification:_identify(colcon_test/src/examples/rclpy/topics) by extensions ['colcon_meta']
[0.104s] Level 1:colcon.colcon_core.package_identification:_identify(colcon_test/src/examples/rclpy/topics) by extension 'colcon_meta'
[0.104s] Level 1:colcon.colcon_core.package_identification:_identify(colcon_test/src/examples/rclpy/topics) by extensions ['ros']
[0.104s] Level 1:colcon.colcon_core.package_identification:_identify(colcon_test/src/examples/rclpy/topics) by extension 'ros'
[0.104s] Level 1:colcon.colcon_core.package_identification:_identify(colcon_test/src/examples/rclpy/topics) by extensions ['cmake', 'python']
[0.104s] Level 1:colcon.colcon_core.package_identification:_identify(colcon_test/src/examples/rclpy/topics) by extension 'cmake'
[0.104s] Level 1:colcon.colcon_core.package_identification:_identify(colcon_test/src/examples/rclpy/topics) by extension 'python'
[0.104s] Level 1:colcon.colcon_core.package_identification:_identify(colcon_test/src/examples/rclpy/topics) by extensions ['python_setup_py']
[0.104s] Level 1:colcon.colcon_core.package_identification:_identify(colcon_test/src/examples/rclpy/topics) by extension 'python_setup_py'
[0.104s] Level 1:colcon.colcon_core.package_identification:_identify(colcon_test/src/examples/rclpy/topics/minimal_publisher) by extensions ['ignore', 'ignore_ament_install']
[0.105s] Level 1:colcon.colcon_core.package_identification:_identify(colcon_test/src/examples/rclpy/topics/minimal_publisher) by extension 'ignore'
[0.105s] Level 1:colcon.colcon_core.package_identification:_identify(colcon_test/src/examples/rclpy/topics/minimal_publisher) by extension 'ignore_ament_install'
[0.105s] Level 1:colcon.colcon_core.package_identification:_identify(colcon_test/src/examples/rclpy/topics/minimal_publisher) by extensions ['colcon_pkg']
[0.105s] Level 1:colcon.colcon_core.package_identification:_identify(colcon_test/src/examples/rclpy/topics/minimal_publisher) by extension 'colcon_pkg'
[0.105s] Level 1:colcon.colcon_core.package_identification:_identify(colcon_test/src/examples/rclpy/topics/minimal_publisher) by extensions ['colcon_meta']
[0.105s] Level 1:colcon.colcon_core.package_identification:_identify(colcon_test/src/examples/rclpy/topics/minimal_publisher) by extension 'colcon_meta'
[0.105s] Level 1:colcon.colcon_core.package_identification:_identify(colcon_test/src/examples/rclpy/topics/minimal_publisher) by extensions ['ros']
[0.105s] Level 1:colcon.colcon_core.package_identification:_identify(colcon_test/src/examples/rclpy/topics/minimal_publisher) by extension 'ros'
[0.105s] DEBUG:colcon.colcon_core.package_identification:Package 'colcon_test/src/examples/rclpy/topics/minimal_publisher' with type 'ros.ament_python' and name 'examples_rclpy_minimal_publisher'
[0.105s] Level 1:colcon.colcon_core.package_identification:_identify(colcon_test/src/examples/rclpy/topics/minimal_subscriber) by extensions ['ignore', 'ignore_ament_install']
[0.105s] Level 1:colcon.colcon_core.package_identification:_identify(colcon_test/src/examples/rclpy/topics/minimal_subscriber) by extension 'ignore'
[0.105s] Level 1:colcon.colcon_core.package_identification:_identify(colcon_test/src/examples/rclpy/topics/minimal_subscriber) by extension 'ignore_ament_install'
[0.105s] Level 1:colcon.colcon_core.package_identification:_identify(colcon_test/src/examples/rclpy/topics/minimal_subscriber) by extensions ['colcon_pkg']
[0.105s] Level 1:colcon.colcon_core.package_identification:_identify(colcon_test/src/examples/rclpy/topics/minimal_subscriber) by extension 'colcon_pkg'
[0.105s] Level 1:colcon.colcon_core.package_identification:_identify(colcon_test/src/examples/rclpy/topics/minimal_subscriber) by extensions ['colcon_meta']
[0.105s] Level 1:colcon.colcon_core.package_identification:_identify(colcon_test/src/examples/rclpy/topics/minimal_subscriber) by extension 'colcon_meta'
[0.105s] Level 1:colcon.colcon_core.package_identification:_identify(colcon_test/src/examples/rclpy/topics/minimal_subscriber) by extensions ['ros']
[0.105s] Level 1:colcon.colcon_core.package_identification:_identify(colcon_test/src/examples/rclpy/topics/minimal_subscriber) by extension 'ros'
[0.106s] DEBUG:colcon.colcon_core.package_identification:Package 'colcon_test/src/examples/rclpy/topics/minimal_subscriber' with type 'ros.ament_python' and name 'examples_rclpy_minimal_subscriber'
[0.106s] Level 1:colcon.colcon_core.package_identification:_identify(install) by extensions ['ignore', 'ignore_ament_install']
[0.106s] Level 1:colcon.colcon_core.package_identification:_identify(install) by extension 'ignore'
[0.106s] Level 1:colcon.colcon_core.package_identification:_identify(install) ignored
[0.106s] Level 1:colcon.colcon_core.package_identification:_identify(log) by extensions ['ignore', 'ignore_ament_install']
[0.106s] Level 1:colcon.colcon_core.package_identification:_identify(log) by extension 'ignore'
[0.106s] Level 1:colcon.colcon_core.package_identification:_identify(log) ignored
[0.106s] Level 1:colcon.colcon_core.package_identification:_identify(town_ws) by extensions ['ignore', 'ignore_ament_install']
[0.106s] Level 1:colcon.colcon_core.package_identification:_identify(town_ws) by extension 'ignore'
[0.106s] Level 1:colcon.colcon_core.package_identification:_identify(town_ws) by extension 'ignore_ament_install'
[0.106s] Level 1:colcon.colcon_core.package_identification:_identify(town_ws) by extensions ['colcon_pkg']
[0.106s] Level 1:colcon.colcon_core.package_identification:_identify(town_ws) by extension 'colcon_pkg'
[0.106s] Level 1:colcon.colcon_core.package_identification:_identify(town_ws) by extensions ['colcon_meta']
[0.106s] Level 1:colcon.colcon_core.package_identification:_identify(town_ws) by extension 'colcon_meta'
[0.106s] Level 1:colcon.colcon_core.package_identification:_identify(town_ws) by extensions ['ros']
[0.106s] Level 1:colcon.colcon_core.package_identification:_identify(town_ws) by extension 'ros'
[0.106s] Level 1:colcon.colcon_core.package_identification:_identify(town_ws) by extensions ['cmake', 'python']
[0.106s] Level 1:colcon.colcon_core.package_identification:_identify(town_ws) by extension 'cmake'
[0.106s] Level 1:colcon.colcon_core.package_identification:_identify(town_ws) by extension 'python'
[0.106s] Level 1:colcon.colcon_core.package_identification:_identify(town_ws) by extensions ['python_setup_py']
[0.106s] Level 1:colcon.colcon_core.package_identification:_identify(town_ws) by extension 'python_setup_py'
[0.107s] Level 1:colcon.colcon_core.package_identification:_identify(town_ws/build) by extensions ['ignore', 'ignore_ament_install']
[0.107s] Level 1:colcon.colcon_core.package_identification:_identify(town_ws/build) by extension 'ignore'
[0.107s] Level 1:colcon.colcon_core.package_identification:_identify(town_ws/build) ignored
[0.107s] Level 1:colcon.colcon_core.package_identification:_identify(town_ws/install) by extensions ['ignore', 'ignore_ament_install']
[0.107s] Level 1:colcon.colcon_core.package_identification:_identify(town_ws/install) by extension 'ignore'
[0.107s] Level 1:colcon.colcon_core.package_identification:_identify(town_ws/install) ignored
[0.107s] Level 1:colcon.colcon_core.package_identification:_identify(town_ws/log) by extensions ['ignore', 'ignore_ament_install']
[0.107s] Level 1:colcon.colcon_core.package_identification:_identify(town_ws/log) by extension 'ignore'
[0.107s] Level 1:colcon.colcon_core.package_identification:_identify(town_ws/log) ignored
[0.107s] Level 1:colcon.colcon_core.package_identification:_identify(town_ws/src) by extensions ['ignore', 'ignore_ament_install']
[0.107s] Level 1:colcon.colcon_core.package_identification:_identify(town_ws/src) by extension 'ignore'
[0.107s] Level 1:colcon.colcon_core.package_identification:_identify(town_ws/src) by extension 'ignore_ament_install'
[0.107s] Level 1:colcon.colcon_core.package_identification:_identify(town_ws/src) by extensions ['colcon_pkg']
[0.107s] Level 1:colcon.colcon_core.package_identification:_identify(town_ws/src) by extension 'colcon_pkg'
[0.107s] Level 1:colcon.colcon_core.package_identification:_identify(town_ws/src) by extensions ['colcon_meta']
[0.107s] Level 1:colcon.colcon_core.package_identification:_identify(town_ws/src) by extension 'colcon_meta'
[0.107s] Level 1:colcon.colcon_core.package_identification:_identify(town_ws/src) by extensions ['ros']
[0.107s] Level 1:colcon.colcon_core.package_identification:_identify(town_ws/src) by extension 'ros'
[0.107s] Level 1:colcon.colcon_core.package_identification:_identify(town_ws/src) by extensions ['cmake', 'python']
[0.107s] Level 1:colcon.colcon_core.package_identification:_identify(town_ws/src) by extension 'cmake'
[0.107s] Level 1:colcon.colcon_core.package_identification:_identify(town_ws/src) by extension 'python'
[0.107s] Level 1:colcon.colcon_core.package_identification:_identify(town_ws/src) by extensions ['python_setup_py']
[0.107s] Level 1:colcon.colcon_core.package_identification:_identify(town_ws/src) by extension 'python_setup_py'
[0.107s] Level 1:colcon.colcon_core.package_identification:_identify(town_ws/src/village_li) by extensions ['ignore', 'ignore_ament_install']
[0.107s] Level 1:colcon.colcon_core.package_identification:_identify(town_ws/src/village_li) by extension 'ignore'
[0.107s] Level 1:colcon.colcon_core.package_identification:_identify(town_ws/src/village_li) by extension 'ignore_ament_install'
[0.107s] Level 1:colcon.colcon_core.package_identification:_identify(town_ws/src/village_li) by extensions ['colcon_pkg']
[0.107s] Level 1:colcon.colcon_core.package_identification:_identify(town_ws/src/village_li) by extension 'colcon_pkg'
[0.107s] Level 1:colcon.colcon_core.package_identification:_identify(town_ws/src/village_li) by extensions ['colcon_meta']
[0.107s] Level 1:colcon.colcon_core.package_identification:_identify(town_ws/src/village_li) by extension 'colcon_meta'
[0.107s] Level 1:colcon.colcon_core.package_identification:_identify(town_ws/src/village_li) by extensions ['ros']
[0.107s] Level 1:colcon.colcon_core.package_identification:_identify(town_ws/src/village_li) by extension 'ros'
[0.108s] DEBUG:colcon.colcon_core.package_identification:Package 'town_ws/src/village_li' with type 'ros.ament_python' and name 'village_li'
[0.108s] Level 1:colcon.colcon_core.package_identification:_identify(town_ws/src/village_wang) by extensions ['ignore', 'ignore_ament_install']
[0.108s] Level 1:colcon.colcon_core.package_identification:_identify(town_ws/src/village_wang) by extension 'ignore'
[0.108s] Level 1:colcon.colcon_core.package_identification:_identify(town_ws/src/village_wang) by extension 'ignore_ament_install'
[0.108s] Level 1:colcon.colcon_core.package_identification:_identify(town_ws/src/village_wang) by extensions ['colcon_pkg']
[0.108s] Level 1:colcon.colcon_core.package_identification:_identify(town_ws/src/village_wang) by extension 'colcon_pkg'
[0.108s] Level 1:colcon.colcon_core.package_identification:_identify(town_ws/src/village_wang) by extensions ['colcon_meta']
[0.108s] Level 1:colcon.colcon_core.package_identification:_identify(town_ws/src/village_wang) by extension 'colcon_meta'
[0.108s] Level 1:colcon.colcon_core.package_identification:_identify(town_ws/src/village_wang) by extensions ['ros']
[0.108s] Level 1:colcon.colcon_core.package_identification:_identify(town_ws/src/village_wang) by extension 'ros'
[0.108s] DEBUG:colcon.colcon_core.package_identification:Package 'town_ws/src/village_wang' with type 'ros.ament_cmake' and name 'village_wang'
[0.108s] Level 1:colcon.colcon_core.package_identification:_identify(town_ws/src/village_zhang) by extensions ['ignore', 'ignore_ament_install']
[0.108s] Level 1:colcon.colcon_core.package_identification:_identify(town_ws/src/village_zhang) by extension 'ignore'
[0.108s] Level 1:colcon.colcon_core.package_identification:_identify(town_ws/src/village_zhang) by extension 'ignore_ament_install'
[0.108s] Level 1:colcon.colcon_core.package_identification:_identify(town_ws/src/village_zhang) by extensions ['colcon_pkg']
[0.108s] Level 1:colcon.colcon_core.package_identification:_identify(town_ws/src/village_zhang) by extension 'colcon_pkg'
[0.108s] Level 1:colcon.colcon_core.package_identification:_identify(town_ws/src/village_zhang) by extensions ['colcon_meta']
[0.108s] Level 1:colcon.colcon_core.package_identification:_identify(town_ws/src/village_zhang) by extension 'colcon_meta'
[0.109s] Level 1:colcon.colcon_core.package_identification:_identify(town_ws/src/village_zhang) by extensions ['ros']
[0.109s] Level 1:colcon.colcon_core.package_identification:_identify(town_ws/src/village_zhang) by extension 'ros'
[0.109s] DEBUG:colcon.colcon_core.package_identification:Package 'town_ws/src/village_zhang' with type 'ros.ament_cmake' and name 'village_zhang'
[0.109s] Level 1:colcon.colcon_core.package_discovery:discover_packages(recursive) using defaults
[0.109s] Level 1:colcon.colcon_core.package_discovery:discover_packages(ignore) discover
[0.109s] Level 1:colcon.colcon_core.package_discovery:discover_packages(ignore) using defaults
[0.109s] Level 1:colcon.colcon_core.package_discovery:discover_packages(path) discover
[0.109s] Level 1:colcon.colcon_core.package_discovery:discover_packages(path) using defaults
[0.119s] INFO:colcon.colcon_core.package_selection:Skipping not selected package 'examples_rclcpp_minimal_action_client' in 'colcon_test/src/examples/rclcpp/actions/minimal_action_client'
[0.119s] INFO:colcon.colcon_core.package_selection:Skipping not selected package 'examples_rclcpp_minimal_action_server' in 'colcon_test/src/examples/rclcpp/actions/minimal_action_server'
[0.119s] INFO:colcon.colcon_core.package_selection:Skipping not selected package 'examples_rclcpp_minimal_client' in 'colcon_test/src/examples/rclcpp/services/minimal_client'
[0.119s] INFO:colcon.colcon_core.package_selection:Skipping not selected package 'examples_rclcpp_minimal_composition' in 'colcon_test/src/examples/rclcpp/composition/minimal_composition'
[0.119s] INFO:colcon.colcon_core.package_selection:Skipping not selected package 'examples_rclcpp_minimal_publisher' in 'colcon_test/src/examples/rclcpp/topics/minimal_publisher'
[0.119s] INFO:colcon.colcon_core.package_selection:Skipping not selected package 'examples_rclcpp_minimal_service' in 'colcon_test/src/examples/rclcpp/services/minimal_service'
[0.119s] INFO:colcon.colcon_core.package_selection:Skipping not selected package 'examples_rclcpp_minimal_subscriber' in 'colcon_test/src/examples/rclcpp/topics/minimal_subscriber'
[0.119s] INFO:colcon.colcon_core.package_selection:Skipping not selected package 'examples_rclcpp_minimal_timer' in 'colcon_test/src/examples/rclcpp/timers/minimal_timer'
[0.120s] INFO:colcon.colcon_core.package_selection:Skipping not selected package 'examples_rclcpp_multithreaded_executor' in 'colcon_test/src/examples/rclcpp/executors/multithreaded_executor'
[0.120s] INFO:colcon.colcon_core.package_selection:Skipping not selected package 'examples_rclpy_executors' in 'colcon_test/src/examples/rclpy/executors'
[0.120s] INFO:colcon.colcon_core.package_selection:Skipping not selected package 'examples_rclpy_minimal_action_client' in 'colcon_test/src/examples/rclpy/actions/minimal_action_client'
[0.120s] INFO:colcon.colcon_core.package_selection:Skipping not selected package 'examples_rclpy_minimal_action_server' in 'colcon_test/src/examples/rclpy/actions/minimal_action_server'
[0.120s] INFO:colcon.colcon_core.package_selection:Skipping not selected package 'examples_rclpy_minimal_client' in 'colcon_test/src/examples/rclpy/services/minimal_client'
[0.120s] INFO:colcon.colcon_core.package_selection:Skipping not selected package 'examples_rclpy_minimal_publisher' in 'colcon_test/src/examples/rclpy/topics/minimal_publisher'
[0.120s] INFO:colcon.colcon_core.package_selection:Skipping not selected package 'examples_rclpy_minimal_service' in 'colcon_test/src/examples/rclpy/services/minimal_service'
[0.120s] INFO:colcon.colcon_core.package_selection:Skipping not selected package 'examples_rclpy_minimal_subscriber' in 'colcon_test/src/examples/rclpy/topics/minimal_subscriber'
[0.120s] INFO:colcon.colcon_core.package_selection:Skipping not selected package 'village_wang' in 'town_ws/src/village_wang'
[0.120s] INFO:colcon.colcon_core.package_selection:Skipping not selected package 'village_zhang' in 'town_ws/src/village_zhang'
[0.120s] Level 5:colcon.colcon_core.verb:set package 'village_li' build argument 'cmake_args' from command line to 'None'
[0.120s] Level 5:colcon.colcon_core.verb:set package 'village_li' build argument 'cmake_target' from command line to 'None'
[0.120s] Level 5:colcon.colcon_core.verb:set package 'village_li' build argument 'cmake_target_skip_unavailable' from command line to 'False'
[0.120s] Level 5:colcon.colcon_core.verb:set package 'village_li' build argument 'cmake_clean_cache' from command line to 'False'
[0.120s] Level 5:colcon.colcon_core.verb:set package 'village_li' build argument 'cmake_clean_first' from command line to 'False'
[0.120s] Level 5:colcon.colcon_core.verb:set package 'village_li' build argument 'cmake_force_configure' from command line to 'False'
[0.120s] Level 5:colcon.colcon_core.verb:set package 'village_li' build argument 'ament_cmake_args' from command line to 'None'
[0.120s] Level 5:colcon.colcon_core.verb:set package 'village_li' build argument 'catkin_cmake_args' from command line to 'None'
[0.120s] Level 5:colcon.colcon_core.verb:set package 'village_li' build argument 'catkin_skip_building_tests' from command line to 'False'
[0.120s] DEBUG:colcon.colcon_core.verb:Building package 'village_li' with the following arguments: {'ament_cmake_args': None, 'build_base': '/home/zym/Desktop/zym-ros2/build/village_li', 'catkin_cmake_args': None, 'catkin_skip_building_tests': False, 'cmake_args': None, 'cmake_clean_cache': False, 'cmake_clean_first': False, 'cmake_force_configure': False, 'cmake_target': None, 'cmake_target_skip_unavailable': False, 'install_base': '/home/zym/Desktop/zym-ros2/install/village_li', 'merge_install': False, 'path': '/home/zym/Desktop/zym-ros2/town_ws/src/village_li', 'symlink_install': False, 'test_result_base': None}
[0.122s] INFO:colcon.colcon_core.executor:Executing jobs using 'parallel' executor
[0.123s] DEBUG:colcon.colcon_parallel_executor.executor.parallel:run_until_complete
[0.123s] INFO:colcon.colcon_ros.task.ament_python.build:Building ROS package in '/home/zym/Desktop/zym-ros2/town_ws/src/village_li' with build type 'ament_python'
[0.123s] Level 1:colcon.colcon_core.shell:create_environment_hook('village_li', 'ament_prefix_path')
[0.125s] INFO:colcon.colcon_core.plugin_system:Skipping extension 'colcon_core.shell.bat': Not used on non-Windows systems
[0.125s] INFO:colcon.colcon_core.shell:Creating environment hook '/home/zym/Desktop/zym-ros2/install/village_li/share/village_li/hook/ament_prefix_path.ps1'
[0.126s] INFO:colcon.colcon_core.shell:Creating environment descriptor '/home/zym/Desktop/zym-ros2/install/village_li/share/village_li/hook/ament_prefix_path.dsv'
[0.126s] INFO:colcon.colcon_core.shell:Creating environment hook '/home/zym/Desktop/zym-ros2/install/village_li/share/village_li/hook/ament_prefix_path.sh'
[0.126s] INFO:colcon.colcon_core.shell:Skip shell extension 'powershell' for command environment: Not usable outside of PowerShell
[0.126s] DEBUG:colcon.colcon_core.shell:Skip shell extension 'dsv' for command environment
[0.243s] INFO:colcon.colcon_core.task.python.build:Building Python package in '/home/zym/Desktop/zym-ros2/town_ws/src/village_li'
[0.243s] INFO:colcon.colcon_core.shell:Skip shell extension 'powershell' for command environment: Not usable outside of PowerShell
[0.243s] DEBUG:colcon.colcon_core.shell:Skip shell extension 'dsv' for command environment
[0.443s] DEBUG:colcon.colcon_core.event_handler.log_command:Invoking command in '/home/zym/Desktop/zym-ros2/town_ws/src/village_li': PYTHONPATH=/home/zym/Desktop/zym-ros2/install/village_li/lib/python3.8/site-packages:${PYTHONPATH} /usr/bin/python3 setup.py egg_info --egg-base ../../../build/village_li build --build-base /home/zym/Desktop/zym-ros2/build/village_li/build install --prefix /home/zym/Desktop/zym-ros2/install/village_li --record /home/zym/Desktop/zym-ros2/build/village_li/install.log --single-version-externally-managed
[0.598s] DEBUG:colcon.colcon_core.event_handler.log_command:Invoked command in '/home/zym/Desktop/zym-ros2/town_ws/src/village_li' returned '0': PYTHONPATH=/home/zym/Desktop/zym-ros2/install/village_li/lib/python3.8/site-packages:${PYTHONPATH} /usr/bin/python3 setup.py egg_info --egg-base ../../../build/village_li build --build-base /home/zym/Desktop/zym-ros2/build/village_li/build install --prefix /home/zym/Desktop/zym-ros2/install/village_li --record /home/zym/Desktop/zym-ros2/build/village_li/install.log --single-version-externally-managed
[0.600s] Level 1:colcon.colcon_core.environment:checking '/home/zym/Desktop/zym-ros2/install/village_li' for CMake module files
[0.600s] Level 1:colcon.colcon_core.environment:checking '/home/zym/Desktop/zym-ros2/install/village_li' for CMake config files
[0.600s] Level 1:colcon.colcon_core.environment:checking '/home/zym/Desktop/zym-ros2/install/village_li/lib'
[0.600s] Level 1:colcon.colcon_core.environment:checking '/home/zym/Desktop/zym-ros2/install/village_li/bin'
[0.600s] Level 1:colcon.colcon_core.environment:checking '/home/zym/Desktop/zym-ros2/install/village_li/lib/pkgconfig/village_li.pc'
[0.600s] Level 1:colcon.colcon_core.environment:checking '/home/zym/Desktop/zym-ros2/install/village_li/lib/python3.8/site-packages'
[0.600s] Level 1:colcon.colcon_core.shell:create_environment_hook('village_li', 'pythonpath')
[0.601s] INFO:colcon.colcon_core.shell:Creating environment hook '/home/zym/Desktop/zym-ros2/install/village_li/share/village_li/hook/pythonpath.ps1'
[0.601s] INFO:colcon.colcon_core.shell:Creating environment descriptor '/home/zym/Desktop/zym-ros2/install/village_li/share/village_li/hook/pythonpath.dsv'
[0.601s] INFO:colcon.colcon_core.shell:Creating environment hook '/home/zym/Desktop/zym-ros2/install/village_li/share/village_li/hook/pythonpath.sh'
[0.601s] Level 1:colcon.colcon_core.environment:create_environment_scripts_only(village_li)
[0.602s] INFO:colcon.colcon_core.shell:Creating package script '/home/zym/Desktop/zym-ros2/install/village_li/share/village_li/package.ps1'
[0.602s] INFO:colcon.colcon_core.shell:Creating package descriptor '/home/zym/Desktop/zym-ros2/install/village_li/share/village_li/package.dsv'
[0.602s] INFO:colcon.colcon_core.shell:Creating package script '/home/zym/Desktop/zym-ros2/install/village_li/share/village_li/package.sh'
[0.603s] INFO:colcon.colcon_core.shell:Creating package script '/home/zym/Desktop/zym-ros2/install/village_li/share/village_li/package.bash'
[0.603s] INFO:colcon.colcon_core.shell:Creating package script '/home/zym/Desktop/zym-ros2/install/village_li/share/village_li/package.zsh'
[0.603s] Level 1:colcon.colcon_core.environment:create_file_with_runtime_dependencies(/home/zym/Desktop/zym-ros2/install/village_li/share/colcon-core/packages/village_li)
[0.604s] DEBUG:colcon.colcon_parallel_executor.executor.parallel:closing loop
[0.604s] DEBUG:colcon.colcon_parallel_executor.executor.parallel:loop closed
[0.604s] DEBUG:colcon.colcon_parallel_executor.executor.parallel:run_until_complete finished with '0'
[0.604s] DEBUG:colcon.colcon_core.event_reactor:joining thread
[0.607s] INFO:colcon.colcon_core.plugin_system:Skipping extension 'colcon_notification.desktop_notification.terminal_notifier': Not used on non-Darwin systems
[0.607s] INFO:colcon.colcon_core.plugin_system:Skipping extension 'colcon_notification.desktop_notification.win32': Not used on non-Windows systems
[0.607s] INFO:colcon.colcon_notification.desktop_notification:Sending desktop notification using 'notify2'
[0.618s] DEBUG:colcon.colcon_core.event_reactor:joined thread
[0.619s] INFO:colcon.colcon_core.shell:Creating prefix script '/home/zym/Desktop/zym-ros2/install/local_setup.ps1'
[0.620s] INFO:colcon.colcon_core.shell:Creating prefix util module '/home/zym/Desktop/zym-ros2/install/_local_setup_util_ps1.py'
[0.621s] INFO:colcon.colcon_core.shell:Creating prefix chain script '/home/zym/Desktop/zym-ros2/install/setup.ps1'
[0.621s] INFO:colcon.colcon_core.shell:Creating prefix script '/home/zym/Desktop/zym-ros2/install/local_setup.sh'
[0.621s] INFO:colcon.colcon_core.shell:Creating prefix util module '/home/zym/Desktop/zym-ros2/install/_local_setup_util_sh.py'
[0.622s] INFO:colcon.colcon_core.shell:Creating prefix chain script '/home/zym/Desktop/zym-ros2/install/setup.sh'
[0.622s] INFO:colcon.colcon_core.shell:Creating prefix script '/home/zym/Desktop/zym-ros2/install/local_setup.bash'
[0.623s] INFO:colcon.colcon_core.shell:Creating prefix chain script '/home/zym/Desktop/zym-ros2/install/setup.bash'
[0.623s] INFO:colcon.colcon_core.shell:Creating prefix script '/home/zym/Desktop/zym-ros2/install/local_setup.zsh'
[0.623s] INFO:colcon.colcon_core.shell:Creating prefix chain script '/home/zym/Desktop/zym-ros2/install/setup.zsh'
