[0.009s] Invoking command in '/home/zym/Desktop/zym-ros2/chapt3/chapt3_ws/build/example_topic_rclcpp': CMAKE_PREFIX_PATH=/opt/ros/foxy /usr/bin/cmake /home/zym/Desktop/zym-ros2/chapt3/chapt3_ws/src/example_topic_rclcpp -DCMAKE_INSTALL_PREFIX=/home/zym/Desktop/zym-ros2/chapt3/chapt3_ws/install/example_topic_rclcpp
[0.063s] -- The C compiler identification is GNU 9.4.0
[0.105s] -- The CXX compiler identification is GNU 9.4.0
[0.110s] -- Check for working C compiler: /usr/bin/cc
[0.176s] -- Check for working C compiler: /usr/bin/cc -- works
[0.176s] -- Detecting C compiler ABI info
[0.252s] -- Detecting C compiler ABI info - done
[0.268s] -- Detecting C compile features
[0.269s] -- Detecting C compile features - done
[0.272s] -- Check for working CXX compiler: /usr/bin/c++
[0.328s] -- Check for working CXX compiler: /usr/bin/c++ -- works
[0.328s] -- Detecting CXX compiler ABI info
[0.395s] -- Detecting CXX compiler ABI info - done
[0.402s] -- Detecting CXX compile features
[0.403s] -- Detecting CXX compile features - done
[0.407s] -- Found ament_cmake: 0.9.9 (/opt/ros/foxy/share/ament_cmake/cmake)
[0.429s] -- Found PythonInterp: /usr/bin/python3 (found suitable version "3.8.10", minimum required is "3") 
[0.429s] -- Using PYTHON_EXECUTABLE: /usr/bin/python3
[0.538s] -- Found rclcpp: 2.4.1 (/opt/ros/foxy/share/rclcpp/cmake)
[0.570s] -- Using all available rosidl_typesupport_c: rosidl_typesupport_fastrtps_c;rosidl_typesupport_introspection_c
[0.575s] -- Found rosidl_adapter: 1.2.1 (/opt/ros/foxy/share/rosidl_adapter/cmake)
[0.623s] -- Found OpenSSL: /usr/lib/x86_64-linux-gnu/libcrypto.so (found version "1.1.1f")  
[0.639s] -- Found FastRTPS: /opt/ros/foxy/include  
[0.687s] -- Using all available rosidl_typesupport_cpp: rosidl_typesupport_fastrtps_cpp;rosidl_typesupport_introspection_cpp
[0.725s] -- Found rmw_implementation_cmake: 1.0.3 (/opt/ros/foxy/share/rmw_implementation_cmake/cmake)
[0.727s] -- Using RMW implementation 'rmw_fastrtps_cpp' as default
[0.727s] -- Looking for pthread.h
[0.779s] -- Looking for pthread.h - found
[0.779s] -- Performing Test CMAKE_HAVE_LIBC_PTHREAD
[0.832s] -- Performing Test CMAKE_HAVE_LIBC_PTHREAD - Failed
[0.832s] -- Looking for pthread_create in pthreads
[0.885s] -- Looking for pthread_create in pthreads - not found
[0.885s] -- Looking for pthread_create in pthread
[0.954s] -- Looking for pthread_create in pthread - found
[0.955s] -- Found Threads: TRUE  
[1.061s] -- Found ament_lint_auto: 0.9.6 (/opt/ros/foxy/share/ament_lint_auto/cmake)
[1.106s] -- Added test 'copyright' to check source files copyright and LICENSE
[1.107s] -- Added test 'lint_cmake' to check CMake code style
[1.108s] -- Added test 'xmllint' to check XML markup files
[1.111s] -- Configuring done
[1.111s] CMake Error at CMakeLists.txt:34 (add_executable):
[1.111s]   Cannot find source file:
[1.111s] 
[1.111s]     src/topic_publisher_01.cpp
[1.111s] 
[1.111s]   Tried extensions .c .C .c++ .cc .cpp .cxx .cu .m .M .mm .h .hh .h++ .hm
[1.111s]   .hpp .hxx .in .txx
[1.111s] 
[1.112s] 
[1.112s] CMake Error at CMakeLists.txt:34 (add_executable):
[1.112s]   No SOURCES given to target: topic_publisher_01
[1.112s] 
[1.112s] 
[1.112s] CMake Generate step failed.  Build files cannot be regenerated correctly.
[1.118s] Invoked command in '/home/zym/Desktop/zym-ros2/chapt3/chapt3_ws/build/example_topic_rclcpp' returned '1': CMAKE_PREFIX_PATH=/opt/ros/foxy /usr/bin/cmake /home/zym/Desktop/zym-ros2/chapt3/chapt3_ws/src/example_topic_rclcpp -DCMAKE_INSTALL_PREFIX=/home/zym/Desktop/zym-ros2/chapt3/chapt3_ws/install/example_topic_rclcpp
