-- Found ament_cmake: 0.9.9 (/opt/ros/foxy/share/ament_cmake/cmake)
-- Using PYTHON_EXECUTABLE: /usr/bin/python3
-- Found rclcpp: 2.4.1 (/opt/ros/foxy/share/rclcpp/cmake)
-- Using all available rosidl_typesupport_c: rosidl_typesupport_fastrtps_c;rosidl_typesupport_introspection_c
-- Found rosidl_adapter: 1.2.1 (/opt/ros/foxy/share/rosidl_adapter/cmake)
-- Using all available rosidl_typesupport_cpp: rosidl_typesupport_fastrtps_cpp;rosidl_typesupport_introspection_cpp
-- Found rmw_implementation_cmake: 1.0.3 (/opt/ros/foxy/share/rmw_implementation_cmake/cmake)
-- Using RMW implementation 'rmw_fastrtps_cpp' as default
-- Found ament_lint_auto: 0.9.6 (/opt/ros/foxy/share/ament_lint_auto/cmake)
-- Added test 'copyright' to check source files copyright and LICENSE
-- Added test 'cppcheck' to perform static code analysis on C / C++ code
-- Configured cppcheck include dirs: 
-- Configured cppcheck exclude dirs and/or files: 
-- Added test 'cpplint' to check C / C++ code against the Google style
-- Configured cpplint exclude dirs and/or files: 
-- Added test 'lint_cmake' to check CMake code style
-- Added test 'uncrustify' to check C / C++ code style
-- Configured uncrustify additional arguments: 
-- Added test 'xmllint' to check XML markup files
-- Configuring done
-- Generating done
-- Build files have been written to: /home/zym/Desktop/zym-ros2/town_ws/build/village_zhang
[35m[1mScanning dependencies of target zhang2_node[0m
[ 50%] [32mBuilding CXX object CMakeFiles/zhang2_node.dir/src/zhang2.cpp.o[0m
[100%] [32m[1mLinking CXX executable zhang2_node[0m
[100%] Built target zhang2_node
-- Install configuration: ""
-- Installing: /home/zym/Desktop/zym-ros2/town_ws/install/village_zhang/share/ament_index/resource_index/package_run_dependencies/village_zhang
-- Installing: /home/zym/Desktop/zym-ros2/town_ws/install/village_zhang/share/ament_index/resource_index/parent_prefix_path/village_zhang
-- Installing: /home/zym/Desktop/zym-ros2/town_ws/install/village_zhang/share/village_zhang/environment/ament_prefix_path.sh
-- Installing: /home/zym/Desktop/zym-ros2/town_ws/install/village_zhang/share/village_zhang/environment/ament_prefix_path.dsv
-- Installing: /home/zym/Desktop/zym-ros2/town_ws/install/village_zhang/share/village_zhang/environment/path.sh
-- Installing: /home/zym/Desktop/zym-ros2/town_ws/install/village_zhang/share/village_zhang/environment/path.dsv
-- Installing: /home/zym/Desktop/zym-ros2/town_ws/install/village_zhang/share/village_zhang/local_setup.bash
-- Installing: /home/zym/Desktop/zym-ros2/town_ws/install/village_zhang/share/village_zhang/local_setup.sh
-- Installing: /home/zym/Desktop/zym-ros2/town_ws/install/village_zhang/share/village_zhang/local_setup.zsh
-- Installing: /home/zym/Desktop/zym-ros2/town_ws/install/village_zhang/share/village_zhang/local_setup.dsv
-- Installing: /home/zym/Desktop/zym-ros2/town_ws/install/village_zhang/share/village_zhang/package.dsv
-- Installing: /home/zym/Desktop/zym-ros2/town_ws/install/village_zhang/share/ament_index/resource_index/packages/village_zhang
-- Installing: /home/zym/Desktop/zym-ros2/town_ws/install/village_zhang/share/village_zhang/cmake/village_zhangConfig.cmake
-- Installing: /home/zym/Desktop/zym-ros2/town_ws/install/village_zhang/share/village_zhang/cmake/village_zhangConfig-version.cmake
-- Installing: /home/zym/Desktop/zym-ros2/town_ws/install/village_zhang/share/village_zhang/package.xml
-- Installing: /home/zym/Desktop/zym-ros2/town_ws/install/village_zhang/lib/village_zhang/zhang2_node
-- Set runtime path of "/home/zym/Desktop/zym-ros2/town_ws/install/village_zhang/lib/village_zhang/zhang2_node" to ""
