[35m[1mScanning dependencies of target zhang2_node[0m
[ 50%] [32mBuilding CXX object CMakeFiles/zhang2_node.dir/src/zhang2.cpp.o[0m
[100%] [32m[1mLinking CXX executable zhang2_node[0m
[100%] Built target zhang2_node
-- Install configuration: ""
-- Up-to-date: /home/zym/Desktop/zym-ros2/town_ws/install/village_zhang/share/ament_index/resource_index/package_run_dependencies/village_zhang
-- Up-to-date: /home/zym/Desktop/zym-ros2/town_ws/install/village_zhang/share/ament_index/resource_index/parent_prefix_path/village_zhang
-- Up-to-date: /home/zym/Desktop/zym-ros2/town_ws/install/village_zhang/share/village_zhang/environment/ament_prefix_path.sh
-- Up-to-date: /home/zym/Desktop/zym-ros2/town_ws/install/village_zhang/share/village_zhang/environment/ament_prefix_path.dsv
-- Up-to-date: /home/zym/Desktop/zym-ros2/town_ws/install/village_zhang/share/village_zhang/environment/path.sh
-- Up-to-date: /home/zym/Desktop/zym-ros2/town_ws/install/village_zhang/share/village_zhang/environment/path.dsv
-- Up-to-date: /home/zym/Desktop/zym-ros2/town_ws/install/village_zhang/share/village_zhang/local_setup.bash
-- Up-to-date: /home/zym/Desktop/zym-ros2/town_ws/install/village_zhang/share/village_zhang/local_setup.sh
-- Up-to-date: /home/zym/Desktop/zym-ros2/town_ws/install/village_zhang/share/village_zhang/local_setup.zsh
-- Up-to-date: /home/zym/Desktop/zym-ros2/town_ws/install/village_zhang/share/village_zhang/local_setup.dsv
-- Installing: /home/zym/Desktop/zym-ros2/town_ws/install/village_zhang/share/village_zhang/package.dsv
-- Up-to-date: /home/zym/Desktop/zym-ros2/town_ws/install/village_zhang/share/ament_index/resource_index/packages/village_zhang
-- Up-to-date: /home/zym/Desktop/zym-ros2/town_ws/install/village_zhang/share/village_zhang/cmake/village_zhangConfig.cmake
-- Up-to-date: /home/zym/Desktop/zym-ros2/town_ws/install/village_zhang/share/village_zhang/cmake/village_zhangConfig-version.cmake
-- Up-to-date: /home/zym/Desktop/zym-ros2/town_ws/install/village_zhang/share/village_zhang/package.xml
-- Installing: /home/zym/Desktop/zym-ros2/town_ws/install/village_zhang/lib/village_zhang/zhang2_node
-- Set runtime path of "/home/zym/Desktop/zym-ros2/town_ws/install/village_zhang/lib/village_zhang/zhang2_node" to ""
