[0.145s] Invoking command in '/home/zym/Desktop/zym-ros2/town_ws/build/village_wang': CMAKE_PREFIX_PATH=/home/zym/Desktop/zym-ros2/town_ws/install/village_li:/opt/ros/foxy /usr/bin/cmake /home/zym/Desktop/zym-ros2/town_ws/src/village_wang -DCMAKE_INSTALL_PREFIX=/home/zym/Desktop/zym-ros2/town_ws/install/village_wang
[0.206s] -- The C compiler identification is GNU 9.4.0
[0.249s] -- The CXX compiler identification is GNU 9.4.0
[0.254s] -- Check for working C compiler: /usr/bin/cc
[0.294s] -- Check for working C compiler: /usr/bin/cc -- works
[0.295s] -- Detecting C compiler ABI info
[0.340s] -- Detecting C compiler ABI info - done
[0.347s] -- Detecting C compile features
[0.349s] -- Detecting C compile features - done
[0.351s] -- Check for working CXX compiler: /usr/bin/c++
[0.402s] -- Check for working CXX compiler: /usr/bin/c++ -- works
[0.403s] -- Detecting CXX compiler ABI info
[0.453s] -- Detecting CXX compiler ABI info - done
[0.460s] -- Detecting CXX compile features
[0.460s] -- Detecting CXX compile features - done
[0.464s] -- Found ament_cmake: 0.9.9 (/opt/ros/foxy/share/ament_cmake/cmake)
[0.482s] -- Found PythonInterp: /usr/bin/python3 (found suitable version "3.8.10", minimum required is "3") 
[0.482s] -- Using PYTHON_EXECUTABLE: /usr/bin/python3
[0.613s] -- Found rclcpp: 2.4.1 (/opt/ros/foxy/share/rclcpp/cmake)
[0.656s] -- Using all available rosidl_typesupport_c: rosidl_typesupport_fastrtps_c;rosidl_typesupport_introspection_c
[0.661s] -- Found rosidl_adapter: 1.2.1 (/opt/ros/foxy/share/rosidl_adapter/cmake)
[0.714s] -- Found OpenSSL: /usr/lib/x86_64-linux-gnu/libcrypto.so (found version "1.1.1f")  
[0.739s] -- Found FastRTPS: /opt/ros/foxy/include  
[0.788s] -- Using all available rosidl_typesupport_cpp: rosidl_typesupport_fastrtps_cpp;rosidl_typesupport_introspection_cpp
[0.827s] -- Found rmw_implementation_cmake: 1.0.3 (/opt/ros/foxy/share/rmw_implementation_cmake/cmake)
[0.828s] -- Using RMW implementation 'rmw_fastrtps_cpp' as default
[0.829s] -- Looking for pthread.h
[0.881s] -- Looking for pthread.h - found
[0.881s] -- Performing Test CMAKE_HAVE_LIBC_PTHREAD
[0.925s] -- Performing Test CMAKE_HAVE_LIBC_PTHREAD - Failed
[0.925s] -- Looking for pthread_create in pthreads
[0.958s] -- Looking for pthread_create in pthreads - not found
[0.959s] -- Looking for pthread_create in pthread
[1.006s] -- Looking for pthread_create in pthread - found
[1.007s] -- Found Threads: TRUE  
[1.115s] -- Found ament_lint_auto: 0.9.6 (/opt/ros/foxy/share/ament_lint_auto/cmake)
[1.162s] -- Added test 'copyright' to check source files copyright and LICENSE
[1.163s] -- Added test 'cppcheck' to perform static code analysis on C / C++ code
[1.163s] -- Configured cppcheck include dirs: 
[1.163s] -- Configured cppcheck exclude dirs and/or files: 
[1.164s] -- Added test 'cpplint' to check C / C++ code against the Google style
[1.164s] -- Configured cpplint exclude dirs and/or files: 
[1.164s] -- Added test 'lint_cmake' to check CMake code style
[1.165s] -- Added test 'uncrustify' to check C / C++ code style
[1.165s] -- Configured uncrustify additional arguments: 
[1.165s] -- Added test 'xmllint' to check XML markup files
[1.168s] -- Configuring done
[1.171s] -- Generating done
[1.172s] -- Build files have been written to: /home/zym/Desktop/zym-ros2/town_ws/build/village_wang
[1.179s] Invoked command in '/home/zym/Desktop/zym-ros2/town_ws/build/village_wang' returned '0': CMAKE_PREFIX_PATH=/home/zym/Desktop/zym-ros2/town_ws/install/village_li:/opt/ros/foxy /usr/bin/cmake /home/zym/Desktop/zym-ros2/town_ws/src/village_wang -DCMAKE_INSTALL_PREFIX=/home/zym/Desktop/zym-ros2/town_ws/install/village_wang
[1.180s] Invoking command in '/home/zym/Desktop/zym-ros2/town_ws/build/village_wang': CMAKE_PREFIX_PATH=/home/zym/Desktop/zym-ros2/town_ws/install/village_li:/opt/ros/foxy /usr/bin/cmake --build /home/zym/Desktop/zym-ros2/town_ws/build/village_wang -- -j16 -l16
[1.203s] [35m[1mScanning dependencies of target wang2_node[0m
[1.254s] [ 50%] [32mBuilding CXX object CMakeFiles/wang2_node.dir/src/wang2.cpp.o[0m
[2.256s] [100%] [32m[1mLinking CXX executable wang2_node[0m
[2.334s] [100%] Built target wang2_node
[2.341s] Invoked command in '/home/zym/Desktop/zym-ros2/town_ws/build/village_wang' returned '0': CMAKE_PREFIX_PATH=/home/zym/Desktop/zym-ros2/town_ws/install/village_li:/opt/ros/foxy /usr/bin/cmake --build /home/zym/Desktop/zym-ros2/town_ws/build/village_wang -- -j16 -l16
[2.359s] Invoking command in '/home/zym/Desktop/zym-ros2/town_ws/build/village_wang': CMAKE_PREFIX_PATH=/home/zym/Desktop/zym-ros2/town_ws/install/village_li:/opt/ros/foxy /usr/bin/cmake --install /home/zym/Desktop/zym-ros2/town_ws/build/village_wang
[2.365s] -- Install configuration: ""
[2.365s] -- Installing: /home/zym/Desktop/zym-ros2/town_ws/install/village_wang/share/ament_index/resource_index/package_run_dependencies/village_wang
[2.365s] -- Installing: /home/zym/Desktop/zym-ros2/town_ws/install/village_wang/share/ament_index/resource_index/parent_prefix_path/village_wang
[2.366s] -- Installing: /home/zym/Desktop/zym-ros2/town_ws/install/village_wang/share/village_wang/environment/ament_prefix_path.sh
[2.366s] -- Installing: /home/zym/Desktop/zym-ros2/town_ws/install/village_wang/share/village_wang/environment/ament_prefix_path.dsv
[2.366s] -- Installing: /home/zym/Desktop/zym-ros2/town_ws/install/village_wang/share/village_wang/environment/path.sh
[2.366s] -- Installing: /home/zym/Desktop/zym-ros2/town_ws/install/village_wang/share/village_wang/environment/path.dsv
[2.366s] -- Installing: /home/zym/Desktop/zym-ros2/town_ws/install/village_wang/share/village_wang/local_setup.bash
[2.366s] -- Installing: /home/zym/Desktop/zym-ros2/town_ws/install/village_wang/share/village_wang/local_setup.sh
[2.366s] -- Installing: /home/zym/Desktop/zym-ros2/town_ws/install/village_wang/share/village_wang/local_setup.zsh
[2.366s] -- Installing: /home/zym/Desktop/zym-ros2/town_ws/install/village_wang/share/village_wang/local_setup.dsv
[2.366s] -- Installing: /home/zym/Desktop/zym-ros2/town_ws/install/village_wang/share/village_wang/package.dsv
[2.366s] -- Installing: /home/zym/Desktop/zym-ros2/town_ws/install/village_wang/share/ament_index/resource_index/packages/village_wang
[2.366s] -- Installing: /home/zym/Desktop/zym-ros2/town_ws/install/village_wang/share/village_wang/cmake/village_wangConfig.cmake
[2.366s] -- Installing: /home/zym/Desktop/zym-ros2/town_ws/install/village_wang/share/village_wang/cmake/village_wangConfig-version.cmake
[2.366s] -- Installing: /home/zym/Desktop/zym-ros2/town_ws/install/village_wang/share/village_wang/package.xml
[2.366s] -- Installing: /home/zym/Desktop/zym-ros2/town_ws/install/village_wang/lib/village_wang/wang2_node
[2.367s] -- Set runtime path of "/home/zym/Desktop/zym-ros2/town_ws/install/village_wang/lib/village_wang/wang2_node" to ""
[2.369s] Invoked command in '/home/zym/Desktop/zym-ros2/town_ws/build/village_wang' returned '0': CMAKE_PREFIX_PATH=/home/zym/Desktop/zym-ros2/town_ws/install/village_li:/opt/ros/foxy /usr/bin/cmake --install /home/zym/Desktop/zym-ros2/town_ws/build/village_wang
