[0.354s] Invoking command in '/home/zym/Desktop/zym-ros2/town_ws/src/village_li': PYTHONPATH=/home/zym/Desktop/zym-ros2/town_ws/install/village_li/lib/python3.8/site-packages:${PYTHONPATH} /usr/bin/python3 setup.py egg_info --egg-base ../../build/village_li build --build-base /home/zym/Desktop/zym-ros2/town_ws/build/village_li/build install --prefix /home/zym/Desktop/zym-ros2/town_ws/install/village_li --record /home/zym/Desktop/zym-ros2/town_ws/build/village_li/install.log --single-version-externally-managed
[0.461s] running egg_info
[0.462s] writing ../../build/village_li/village_li.egg-info/PKG-INFO
[0.462s] writing dependency_links to ../../build/village_li/village_li.egg-info/dependency_links.txt
[0.462s] writing entry points to ../../build/village_li/village_li.egg-info/entry_points.txt
[0.462s] writing requirements to ../../build/village_li/village_li.egg-info/requires.txt
[0.462s] writing top-level names to ../../build/village_li/village_li.egg-info/top_level.txt
[0.483s] reading manifest file '../../build/village_li/village_li.egg-info/SOURCES.txt'
[0.483s] writing manifest file '../../build/village_li/village_li.egg-info/SOURCES.txt'
[0.483s] running build
[0.483s] running build_py
[0.483s] running install
[0.484s] running install_lib
[0.484s] running install_data
[0.485s] running install_egg_info
[0.486s] removing '/home/zym/Desktop/zym-ros2/town_ws/install/village_li/lib/python3.8/site-packages/village_li-0.0.0-py3.8.egg-info' (and everything under it)
[0.486s] Copying ../../build/village_li/village_li.egg-info to /home/zym/Desktop/zym-ros2/town_ws/install/village_li/lib/python3.8/site-packages/village_li-0.0.0-py3.8.egg-info
[0.486s] running install_scripts
[0.496s] Installing li4_node script to /home/zym/Desktop/zym-ros2/town_ws/install/village_li/lib/village_li
[0.496s] writing list of installed files to '/home/zym/Desktop/zym-ros2/town_ws/build/village_li/install.log'
[0.509s] Invoked command in '/home/zym/Desktop/zym-ros2/town_ws/src/village_li' returned '0': PYTHONPATH=/home/zym/Desktop/zym-ros2/town_ws/install/village_li/lib/python3.8/site-packages:${PYTHONPATH} /usr/bin/python3 setup.py egg_info --egg-base ../../build/village_li build --build-base /home/zym/Desktop/zym-ros2/town_ws/build/village_li/build install --prefix /home/zym/Desktop/zym-ros2/town_ws/install/village_li --record /home/zym/Desktop/zym-ros2/town_ws/build/village_li/install.log --single-version-externally-managed
