[0.342s] Invoking command in '/home/zym/Desktop/zym-ros2/town_ws/src/village_li': PYTHONPATH=/home/zym/Desktop/zym-ros2/town_ws/install/village_li/lib/python3.8/site-packages:${PYTHONPATH} /usr/bin/python3 setup.py egg_info --egg-base ../../build/village_li build --build-base /home/zym/Desktop/zym-ros2/town_ws/build/village_li/build install --prefix /home/zym/Desktop/zym-ros2/town_ws/install/village_li --record /home/zym/Desktop/zym-ros2/town_ws/build/village_li/install.log --single-version-externally-managed
[0.455s] running egg_info
[0.455s] writing ../../build/village_li/village_li.egg-info/PKG-INFO
[0.455s] writing dependency_links to ../../build/village_li/village_li.egg-info/dependency_links.txt
[0.456s] writing entry points to ../../build/village_li/village_li.egg-info/entry_points.txt
[0.456s] writing requirements to ../../build/village_li/village_li.egg-info/requires.txt
[0.456s] writing top-level names to ../../build/village_li/village_li.egg-info/top_level.txt
[0.477s] reading manifest file '../../build/village_li/village_li.egg-info/SOURCES.txt'
[0.477s] writing manifest file '../../build/village_li/village_li.egg-info/SOURCES.txt'
[0.477s] running build
[0.477s] running build_py
[0.477s] copying village_li/li4.py -> /home/zym/Desktop/zym-ros2/town_ws/build/village_li/build/lib/village_li
[0.477s] running install
[0.478s] running install_lib
[0.478s] copying /home/zym/Desktop/zym-ros2/town_ws/build/village_li/build/lib/village_li/li4.py -> /home/zym/Desktop/zym-ros2/town_ws/install/village_li/lib/python3.8/site-packages/village_li
[0.479s] byte-compiling /home/zym/Desktop/zym-ros2/town_ws/install/village_li/lib/python3.8/site-packages/village_li/li4.py to li4.cpython-38.pyc
[0.480s]   File "/home/zym/Desktop/zym-ros2/town_ws/install/village_li/lib/python3.8/site-packages/village_li/li4.py", line 6
[0.480s]     """
[0.480s]     ^
[0.480s] SyntaxError: (unicode error) 'utf-8' codec can't decode byte 0xd4 in position 9: invalid continuation byte
[0.480s] 
[0.480s] running install_data
[0.480s] running install_egg_info
[0.481s] removing '/home/zym/Desktop/zym-ros2/town_ws/install/village_li/lib/python3.8/site-packages/village_li-0.0.0-py3.8.egg-info' (and everything under it)
[0.481s] Copying ../../build/village_li/village_li.egg-info to /home/zym/Desktop/zym-ros2/town_ws/install/village_li/lib/python3.8/site-packages/village_li-0.0.0-py3.8.egg-info
[0.481s] running install_scripts
[0.491s] Installing li4_node script to /home/zym/Desktop/zym-ros2/town_ws/install/village_li/lib/village_li
[0.491s] writing list of installed files to '/home/zym/Desktop/zym-ros2/town_ws/build/village_li/install.log'
[0.503s] Invoked command in '/home/zym/Desktop/zym-ros2/town_ws/src/village_li' returned '0': PYTHONPATH=/home/zym/Desktop/zym-ros2/town_ws/install/village_li/lib/python3.8/site-packages:${PYTHONPATH} /usr/bin/python3 setup.py egg_info --egg-base ../../build/village_li build --build-base /home/zym/Desktop/zym-ros2/town_ws/build/village_li/build install --prefix /home/zym/Desktop/zym-ros2/town_ws/install/village_li --record /home/zym/Desktop/zym-ros2/town_ws/build/village_li/install.log --single-version-externally-managed
