[0.331s] Invoking command in '/home/zym/Desktop/zym-ros2/town_ws/src/village_li': PYTHONPATH=/home/zym/Desktop/zym-ros2/town_ws/install/village_li/lib/python3.8/site-packages:${PYTHONPATH} /usr/bin/python3 setup.py egg_info --egg-base ../../build/village_li build --build-base /home/zym/Desktop/zym-ros2/town_ws/build/village_li/build install --prefix /home/zym/Desktop/zym-ros2/town_ws/install/village_li --record /home/zym/Desktop/zym-ros2/town_ws/build/village_li/install.log --single-version-externally-managed
[0.440s] running egg_info
[0.440s] creating ../../build/village_li/village_li.egg-info
[0.441s] writing ../../build/village_li/village_li.egg-info/PKG-INFO
[0.441s] writing dependency_links to ../../build/village_li/village_li.egg-info/dependency_links.txt
[0.441s] writing entry points to ../../build/village_li/village_li.egg-info/entry_points.txt
[0.441s] writing requirements to ../../build/village_li/village_li.egg-info/requires.txt
[0.441s] writing top-level names to ../../build/village_li/village_li.egg-info/top_level.txt
[0.441s] writing manifest file '../../build/village_li/village_li.egg-info/SOURCES.txt'
[0.462s] reading manifest file '../../build/village_li/village_li.egg-info/SOURCES.txt'
[0.462s] writing manifest file '../../build/village_li/village_li.egg-info/SOURCES.txt'
[0.462s] running build
[0.462s] running build_py
[0.462s] creating /home/zym/Desktop/zym-ros2/town_ws/build/village_li/build
[0.462s] creating /home/zym/Desktop/zym-ros2/town_ws/build/village_li/build/lib
[0.462s] creating /home/zym/Desktop/zym-ros2/town_ws/build/village_li/build/lib/village_li
[0.462s] copying village_li/li4.py -> /home/zym/Desktop/zym-ros2/town_ws/build/village_li/build/lib/village_li
[0.462s] copying village_li/__init__.py -> /home/zym/Desktop/zym-ros2/town_ws/build/village_li/build/lib/village_li
[0.463s] running install
[0.463s] running install_lib
[0.464s] creating /home/zym/Desktop/zym-ros2/town_ws/install/village_li/lib/python3.8/site-packages/village_li
[0.464s] copying /home/zym/Desktop/zym-ros2/town_ws/build/village_li/build/lib/village_li/li4.py -> /home/zym/Desktop/zym-ros2/town_ws/install/village_li/lib/python3.8/site-packages/village_li
[0.464s] copying /home/zym/Desktop/zym-ros2/town_ws/build/village_li/build/lib/village_li/__init__.py -> /home/zym/Desktop/zym-ros2/town_ws/install/village_li/lib/python3.8/site-packages/village_li
[0.464s] byte-compiling /home/zym/Desktop/zym-ros2/town_ws/install/village_li/lib/python3.8/site-packages/village_li/li4.py to li4.cpython-38.pyc
[0.465s] byte-compiling /home/zym/Desktop/zym-ros2/town_ws/install/village_li/lib/python3.8/site-packages/village_li/__init__.py to __init__.cpython-38.pyc
[0.465s]   File "/home/zym/Desktop/zym-ros2/town_ws/install/village_li/lib/python3.8/site-packages/village_li/li4.py", line 5
[0.465s]     """
[0.465s]     ^
[0.465s] SyntaxError: (unicode error) 'utf-8' codec can't decode byte 0xd4 in position 9: invalid continuation byte
[0.465s] 
[0.465s] running install_data
[0.465s] creating /home/zym/Desktop/zym-ros2/town_ws/install/village_li/share/ament_index
[0.465s] creating /home/zym/Desktop/zym-ros2/town_ws/install/village_li/share/ament_index/resource_index
[0.465s] creating /home/zym/Desktop/zym-ros2/town_ws/install/village_li/share/ament_index/resource_index/packages
[0.465s] copying resource/village_li -> /home/zym/Desktop/zym-ros2/town_ws/install/village_li/share/ament_index/resource_index/packages
[0.465s] copying package.xml -> /home/zym/Desktop/zym-ros2/town_ws/install/village_li/share/village_li
[0.465s] running install_egg_info
[0.466s] Copying ../../build/village_li/village_li.egg-info to /home/zym/Desktop/zym-ros2/town_ws/install/village_li/lib/python3.8/site-packages/village_li-0.0.0-py3.8.egg-info
[0.467s] running install_scripts
[0.477s] Installing li4_node script to /home/zym/Desktop/zym-ros2/town_ws/install/village_li/lib/village_li
[0.477s] writing list of installed files to '/home/zym/Desktop/zym-ros2/town_ws/build/village_li/install.log'
[0.490s] Invoked command in '/home/zym/Desktop/zym-ros2/town_ws/src/village_li' returned '0': PYTHONPATH=/home/zym/Desktop/zym-ros2/town_ws/install/village_li/lib/python3.8/site-packages:${PYTHONPATH} /usr/bin/python3 setup.py egg_info --egg-base ../../build/village_li build --build-base /home/zym/Desktop/zym-ros2/town_ws/build/village_li/build install --prefix /home/zym/Desktop/zym-ros2/town_ws/install/village_li --record /home/zym/Desktop/zym-ros2/town_ws/build/village_li/install.log --single-version-externally-managed
