[0.133s] Invoking command in '/home/zym/Desktop/zym-ros2/town_ws/build/village_wang': CMAKE_PREFIX_PATH=${CMAKE_PREFIX_PATH}:/home/zym/Desktop/zym-ros2/town_ws/install/village_li:/opt/ros/foxy /usr/bin/cmake --build /home/zym/Desktop/zym-ros2/town_ws/build/village_wang -- -j16 -l16
[0.150s] -- Found ament_cmake: 0.9.9 (/opt/ros/foxy/share/ament_cmake/cmake)
[0.165s] -- Using PYTHON_EXECUTABLE: /usr/bin/python3
[0.270s] -- Found rclcpp: 2.4.1 (/opt/ros/foxy/share/rclcpp/cmake)
[0.297s] -- Using all available rosidl_typesupport_c: rosidl_typesupport_fastrtps_c;rosidl_typesupport_introspection_c
[0.301s] -- Found rosidl_adapter: 1.2.1 (/opt/ros/foxy/share/rosidl_adapter/cmake)
[0.381s] -- Using all available rosidl_typesupport_cpp: rosidl_typesupport_fastrtps_cpp;rosidl_typesupport_introspection_cpp
[0.418s] -- Found rmw_implementation_cmake: 1.0.3 (/opt/ros/foxy/share/rmw_implementation_cmake/cmake)
[0.419s] -- Using RMW implementation 'rmw_fastrtps_cpp' as default
[0.515s] -- Found ament_lint_auto: 0.9.6 (/opt/ros/foxy/share/ament_lint_auto/cmake)
[0.559s] -- Added test 'copyright' to check source files copyright and LICENSE
[0.560s] -- Added test 'cppcheck' to perform static code analysis on C / C++ code
[0.560s] -- Configured cppcheck include dirs: 
[0.560s] -- Configured cppcheck exclude dirs and/or files: 
[0.560s] -- Added test 'cpplint' to check C / C++ code against the Google style
[0.561s] -- Configured cpplint exclude dirs and/or files: 
[0.561s] -- Added test 'lint_cmake' to check CMake code style
[0.562s] -- Added test 'uncrustify' to check C / C++ code style
[0.562s] -- Configured uncrustify additional arguments: 
[0.562s] -- Added test 'xmllint' to check XML markup files
[0.564s] -- Configuring done
[0.569s] -- Generating done
[0.570s] -- Build files have been written to: /home/zym/Desktop/zym-ros2/town_ws/build/village_wang
[0.596s] [100%] Built target wang2_node
[0.603s] Invoked command in '/home/zym/Desktop/zym-ros2/town_ws/build/village_wang' returned '0': CMAKE_PREFIX_PATH=${CMAKE_PREFIX_PATH}:/home/zym/Desktop/zym-ros2/town_ws/install/village_li:/opt/ros/foxy /usr/bin/cmake --build /home/zym/Desktop/zym-ros2/town_ws/build/village_wang -- -j16 -l16
[0.625s] Invoking command in '/home/zym/Desktop/zym-ros2/town_ws/build/village_wang': CMAKE_PREFIX_PATH=${CMAKE_PREFIX_PATH}:/home/zym/Desktop/zym-ros2/town_ws/install/village_li:/opt/ros/foxy /usr/bin/cmake --install /home/zym/Desktop/zym-ros2/town_ws/build/village_wang
[0.629s] -- Install configuration: ""
[0.629s] -- Up-to-date: /home/zym/Desktop/zym-ros2/town_ws/install/village_wang/share/ament_index/resource_index/package_run_dependencies/village_wang
[0.629s] -- Installing: /home/zym/Desktop/zym-ros2/town_ws/install/village_wang/share/ament_index/resource_index/parent_prefix_path/village_wang
[0.629s] -- Up-to-date: /home/zym/Desktop/zym-ros2/town_ws/install/village_wang/share/village_wang/environment/ament_prefix_path.sh
[0.629s] -- Installing: /home/zym/Desktop/zym-ros2/town_ws/install/village_wang/share/village_wang/environment/ament_prefix_path.dsv
[0.629s] -- Up-to-date: /home/zym/Desktop/zym-ros2/town_ws/install/village_wang/share/village_wang/environment/path.sh
[0.630s] -- Installing: /home/zym/Desktop/zym-ros2/town_ws/install/village_wang/share/village_wang/environment/path.dsv
[0.630s] -- Up-to-date: /home/zym/Desktop/zym-ros2/town_ws/install/village_wang/share/village_wang/local_setup.bash
[0.630s] -- Up-to-date: /home/zym/Desktop/zym-ros2/town_ws/install/village_wang/share/village_wang/local_setup.sh
[0.630s] -- Up-to-date: /home/zym/Desktop/zym-ros2/town_ws/install/village_wang/share/village_wang/local_setup.zsh
[0.630s] -- Installing: /home/zym/Desktop/zym-ros2/town_ws/install/village_wang/share/village_wang/local_setup.dsv
[0.630s] -- Installing: /home/zym/Desktop/zym-ros2/town_ws/install/village_wang/share/village_wang/package.dsv
[0.630s] -- Up-to-date: /home/zym/Desktop/zym-ros2/town_ws/install/village_wang/share/ament_index/resource_index/packages/village_wang
[0.630s] -- Up-to-date: /home/zym/Desktop/zym-ros2/town_ws/install/village_wang/share/village_wang/cmake/village_wangConfig.cmake
[0.630s] -- Up-to-date: /home/zym/Desktop/zym-ros2/town_ws/install/village_wang/share/village_wang/cmake/village_wangConfig-version.cmake
[0.630s] -- Up-to-date: /home/zym/Desktop/zym-ros2/town_ws/install/village_wang/share/village_wang/package.xml
[0.630s] -- Up-to-date: /home/zym/Desktop/zym-ros2/town_ws/install/village_wang/lib/village_wang/wang2_node
[0.632s] Invoked command in '/home/zym/Desktop/zym-ros2/town_ws/build/village_wang' returned '0': CMAKE_PREFIX_PATH=${CMAKE_PREFIX_PATH}:/home/zym/Desktop/zym-ros2/town_ws/install/village_li:/opt/ros/foxy /usr/bin/cmake --install /home/zym/Desktop/zym-ros2/town_ws/build/village_wang
